Build started 21/08/2014 20:52:32.
     1>Project "C:\Users\Jordan\Dropbox\Foundation\bullet2.83\src\BulletSoftBody\BulletSoftBody.vcxproj" on node 3 (Rebuild target(s)).
     1>_PrepareForClean:
         Deleting file "C:\Users\Jordan\Dropbox\Foundation\bullet2.83\Build\BulletSoftBody\Win32\Debug\BulletSoftBody.lastbuildstate".
       InitializeBuildStatus:
         Creating "C:\Users\Jordan\Dropbox\Foundation\bullet2.83\Build\BulletSoftBody\Win32\Debug\BulletSoftBody.unsuccessfulbuild" because "AlwaysCreate" was specified.
       ClCompile:
         C:\Program Files (x86)\Microsoft Visual Studio 11.0\VC\bin\CL.exe /c /IC:\Users\Jordan\Dropbox\Foundation\bullet2.83\src /Zi /nologo /W3 /WX- /Od /Ob0 /Oy- /D WIN32 /D _WINDOWS /D _DEBUG /D _DEBUG /D _CRT_SECURE_NO_WARNINGS /D _CRT_SECURE_NO_DEPRECATE /D _SCL_SECURE_NO_WARNINGS /D "CMAKE_INTDIR=\"Debug\"" /D _MBCS /Gm- /EHsc /RTC1 /MDd /GS /arch:SSE /fp:precise /Zc:wchar_t /Zc:forScope /GR /Fo"C:\Users\Jordan\Dropbox\Foundation\bullet2.83\Build\BulletSoftBody\Win32\Debug\\" /Fd"C:\Users\Jordan\Dropbox\Foundation\bullet2.83\Build\BulletSoftBody\Win32\Debug\vc110.pdb" /Gd /TP /analyze- /errorReport:prompt btSoftBody.cpp btSoftBodyConcaveCollisionAlgorithm.cpp btSoftBodyHelpers.cpp btSoftBodyRigidBodyCollisionConfiguration.cpp btSoftRigidCollisionAlgorithm.cpp btSoftRigidDynamicsWorld.cpp btSoftSoftCollisionAlgorithm.cpp btDefaultSoftBodySolver.cpp
         btSoftBody.cpp
         btSoftBodyConcaveCollisionAlgorithm.cpp
         btSoftBodyHelpers.cpp
         btSoftBodyRigidBodyCollisionConfiguration.cpp
         btSoftRigidCollisionAlgorithm.cpp
         btSoftRigidDynamicsWorld.cpp
         btSoftSoftCollisionAlgorithm.cpp
         btDefaultSoftBodySolver.cpp
         Generating Code...
       Lib:
         C:\Program Files (x86)\Microsoft Visual Studio 11.0\VC\bin\Lib.exe /OUT:"C:\Users\Jordan\Dropbox\Foundation\bullet2.83\Bin\Win32\Debug\BulletSoftBody.lib" /NOLOGO C:\Users\Jordan\Dropbox\Foundation\bullet2.83\Build\BulletSoftBody\Win32\Debug\btSoftBody.obj
         C:\Users\Jordan\Dropbox\Foundation\bullet2.83\Build\BulletSoftBody\Win32\Debug\btSoftBodyConcaveCollisionAlgorithm.obj
         C:\Users\Jordan\Dropbox\Foundation\bullet2.83\Build\BulletSoftBody\Win32\Debug\btSoftBodyHelpers.obj
         C:\Users\Jordan\Dropbox\Foundation\bullet2.83\Build\BulletSoftBody\Win32\Debug\btSoftBodyRigidBodyCollisionConfiguration.obj
         C:\Users\Jordan\Dropbox\Foundation\bullet2.83\Build\BulletSoftBody\Win32\Debug\btSoftRigidCollisionAlgorithm.obj
         C:\Users\Jordan\Dropbox\Foundation\bullet2.83\Build\BulletSoftBody\Win32\Debug\btSoftRigidDynamicsWorld.obj
         C:\Users\Jordan\Dropbox\Foundation\bullet2.83\Build\BulletSoftBody\Win32\Debug\btSoftSoftCollisionAlgorithm.obj
         C:\Users\Jordan\Dropbox\Foundation\bullet2.83\Build\BulletSoftBody\Win32\Debug\btDefaultSoftBodySolver.obj
         BulletSoftBody.vcxproj -> C:\Users\Jordan\Dropbox\Foundation\bullet2.83\Bin\Win32\Debug\BulletSoftBody.lib
       FinalizeBuildStatus:
         Deleting file "C:\Users\Jordan\Dropbox\Foundation\bullet2.83\Build\BulletSoftBody\Win32\Debug\BulletSoftBody.unsuccessfulbuild".
         Touching "C:\Users\Jordan\Dropbox\Foundation\bullet2.83\Build\BulletSoftBody\Win32\Debug\BulletSoftBody.lastbuildstate".
     1>Done Building Project "C:\Users\Jordan\Dropbox\Foundation\bullet2.83\src\BulletSoftBody\BulletSoftBody.vcxproj" (Rebuild target(s)).

Build succeeded.

Time Elapsed 00:00:03.34
