C:\USERS\JORDAN\DROPBOX\FOUNDATION\BULLET2.83\BUILD\BULLETSOFTBODY\WIN32\DEBUG\BTDEFAULTSOFTBODYSOLVER.OBJ
C:\USERS\JORDAN\DROPBOX\FOUNDATION\BULLET2.83\BUILD\BULLETSOFTBODY\WIN32\DEBUG\BTSOFTSOFTCOLLISIONALGORITHM.OBJ
C:\USERS\JORDAN\DROPBOX\FOUNDATION\BULLET2.83\BUILD\BULLETSOFTBODY\WIN32\DEBUG\BTSOFTRIGIDDYNAMICSWORLD.OBJ
C:\USERS\JORDAN\DROPBOX\FOUNDATION\BULLET2.83\BUILD\BULLETSOFTBODY\WIN32\DEBUG\BTSOFTRIGIDCOLLISIONALGORITHM.OBJ
C:\USERS\JORDAN\DROPBOX\FOUNDATION\BULLET2.83\BUILD\BULLETSOFTBODY\WIN32\DEBUG\BTSOFTBODYRIGIDBODYCOLLISIONCONFIGURATION.OBJ
C:\USERS\JORDAN\DROPBOX\FOUNDATION\BULLET2.83\BUILD\BULLETSOFTBODY\WIN32\DEBUG\BTSOFTBODYHELPERS.OBJ
C:\USERS\JORDAN\DROPBOX\FOUNDATION\BULLET2.83\BUILD\BULLETSOFTBODY\WIN32\DEBUG\BTSOFTBODYCONCAVECOLLISIONALGORITHM.OBJ
C:\USERS\JORDAN\DROPBOX\FOUNDATION\BULLET2.83\BUILD\BULLETSOFTBODY\WIN32\DEBUG\BTSOFTBODY.OBJ
C:\USERS\JORDAN\DROPBOX\FOUNDATION\BULLET2.83\BUILD\BULLETSOFTBODY\WIN32\DEBUG\VC110.PDB
C:\USERS\JORDAN\DROPBOX\FOUNDATION\BULLET2.83\BIN\WIN32\DEBUG\BULLETSOFTBODY.LIB
C:\Users\Jordan\Dropbox\Foundation\bullet2.83\Build\BulletSoftBody\Win32\Debug\btDefaultSoftBodySolver.obj
C:\Users\Jordan\Dropbox\Foundation\bullet2.83\Build\BulletSoftBody\Win32\Debug\btSoftBody.obj
C:\Users\Jordan\Dropbox\Foundation\bullet2.83\Build\BulletSoftBody\Win32\Debug\btSoftBodyConcaveCollisionAlgorithm.obj
C:\Users\Jordan\Dropbox\Foundation\bullet2.83\Build\BulletSoftBody\Win32\Debug\btSoftBodyHelpers.obj
C:\Users\Jordan\Dropbox\Foundation\bullet2.83\Build\BulletSoftBody\Win32\Debug\btSoftBodyRigidBodyCollisionConfiguration.obj
C:\Users\Jordan\Dropbox\Foundation\bullet2.83\Build\BulletSoftBody\Win32\Debug\btSoftRigidCollisionAlgorithm.obj
C:\Users\Jordan\Dropbox\Foundation\bullet2.83\Build\BulletSoftBody\Win32\Debug\btSoftRigidDynamicsWorld.obj
C:\Users\Jordan\Dropbox\Foundation\bullet2.83\Build\BulletSoftBody\Win32\Debug\btSoftSoftCollisionAlgorithm.obj
C:\Users\Jordan\Dropbox\Foundation\bullet2.83\Build\BulletSoftBody\Win32\Debug\cl.command.1.tlog
C:\Users\Jordan\Dropbox\Foundation\bullet2.83\Build\BulletSoftBody\Win32\Debug\CL.read.1.tlog
C:\Users\Jordan\Dropbox\Foundation\bullet2.83\Build\BulletSoftBody\Win32\Debug\CL.write.1.tlog
C:\Users\Jordan\Dropbox\Foundation\bullet2.83\Build\BulletSoftBody\Win32\Debug\Lib-link.read.1.tlog
C:\Users\Jordan\Dropbox\Foundation\bullet2.83\Build\BulletSoftBody\Win32\Debug\Lib-link.write.1.tlog
C:\Users\Jordan\Dropbox\Foundation\bullet2.83\Build\BulletSoftBody\Win32\Debug\lib.command.1.tlog
C:\Users\Jordan\Dropbox\Foundation\bullet2.83\Build\BulletSoftBody\Win32\Debug\vc110.pdb
C:\Users\Jordan\Dropbox\Foundation\bullet2.83\Bin\Win32\Debug\BulletSoftBody.lib
