C:\USERS\JORDAN\DROPBOX\FOUNDATION\BULLET2.83\BUILD\LINEARMATH\WIN32\DEBUG\BTVECTOR3.OBJ
C:\USERS\JORDAN\DROPBOX\FOUNDATION\BULLET2.83\BUILD\LINEARMATH\WIN32\DEBUG\BTSERIALIZER.OBJ
C:\USERS\JORDAN\DROPBOX\FOUNDATION\BULLET2.83\BUILD\LINEARMATH\WIN32\DEBUG\BTQUICKPROF.OBJ
C:\USERS\JORDAN\DROPBOX\FOUNDATION\BULLET2.83\BUILD\LINEARMATH\WIN32\DEBUG\BTPOLARDECOMPOSITION.OBJ
C:\USERS\JORDAN\DROPBOX\FOUNDATION\BULLET2.83\BUILD\LINEARMATH\WIN32\DEBUG\BTGEOMETRYUTIL.OBJ
C:\USERS\JORDAN\DROPBOX\FOUNDATION\BULLET2.83\BUILD\LINEARMATH\WIN32\DEBUG\BTCONVEXHULLCOMPUTER.OBJ
C:\USERS\JORDAN\DROPBOX\FOUNDATION\BULLET2.83\BUILD\LINEARMATH\WIN32\DEBUG\BTCONVEXHULL.OBJ
C:\USERS\JORDAN\DROPBOX\FOUNDATION\BULLET2.83\BUILD\LINEARMATH\WIN32\DEBUG\BTALIGNEDALLOCATOR.OBJ
C:\USERS\JORDAN\DROPBOX\FOUNDATION\BULLET2.83\BUILD\LINEARMATH\WIN32\DEBUG\VC110.PDB
C:\USERS\JORDAN\DROPBOX\FOUNDATION\BULLET2.83\BIN\WIN32\DEBUG\LINEARMATH.LIB
C:\Users\Jordan\Dropbox\Foundation\bullet2.83\Build\LinearMath\Win32\Debug\btAlignedAllocator.obj
C:\Users\Jordan\Dropbox\Foundation\bullet2.83\Build\LinearMath\Win32\Debug\btConvexHull.obj
C:\Users\Jordan\Dropbox\Foundation\bullet2.83\Build\LinearMath\Win32\Debug\btConvexHullComputer.obj
C:\Users\Jordan\Dropbox\Foundation\bullet2.83\Build\LinearMath\Win32\Debug\btGeometryUtil.obj
C:\Users\Jordan\Dropbox\Foundation\bullet2.83\Build\LinearMath\Win32\Debug\btPolarDecomposition.obj
C:\Users\Jordan\Dropbox\Foundation\bullet2.83\Build\LinearMath\Win32\Debug\btQuickprof.obj
C:\Users\Jordan\Dropbox\Foundation\bullet2.83\Build\LinearMath\Win32\Debug\btSerializer.obj
C:\Users\Jordan\Dropbox\Foundation\bullet2.83\Build\LinearMath\Win32\Debug\btVector3.obj
C:\Users\Jordan\Dropbox\Foundation\bullet2.83\Build\LinearMath\Win32\Debug\cl.command.1.tlog
C:\Users\Jordan\Dropbox\Foundation\bullet2.83\Build\LinearMath\Win32\Debug\CL.read.1.tlog
C:\Users\Jordan\Dropbox\Foundation\bullet2.83\Build\LinearMath\Win32\Debug\CL.write.1.tlog
C:\Users\Jordan\Dropbox\Foundation\bullet2.83\Build\LinearMath\Win32\Debug\Lib-link.read.1.tlog
C:\Users\Jordan\Dropbox\Foundation\bullet2.83\Build\LinearMath\Win32\Debug\Lib-link.write.1.tlog
C:\Users\Jordan\Dropbox\Foundation\bullet2.83\Build\LinearMath\Win32\Debug\lib.command.1.tlog
C:\Users\Jordan\Dropbox\Foundation\bullet2.83\Build\LinearMath\Win32\Debug\vc110.pdb
C:\Users\Jordan\Dropbox\Foundation\bullet2.83\Bin\Win32\Debug\LinearMath.lib
