Build started 21/08/2014 20:52:32.
     1>Project "C:\Users\Jordan\Dropbox\Foundation\bullet2.83\src\LinearMath\LinearMath.vcxproj" on node 5 (Rebuild target(s)).
     1>_PrepareForClean:
         Deleting file "C:\Users\Jordan\Dropbox\Foundation\bullet2.83\Build\LinearMath\Win32\Debug\LinearMath.lastbuildstate".
       InitializeBuildStatus:
         Creating "C:\Users\Jordan\Dropbox\Foundation\bullet2.83\Build\LinearMath\Win32\Debug\LinearMath.unsuccessfulbuild" because "AlwaysCreate" was specified.
       ClCompile:
         C:\Program Files (x86)\Microsoft Visual Studio 11.0\VC\bin\CL.exe /c /IC:\Users\Jordan\Dropbox\Foundation\bullet2.83\src /Zi /nologo /W3 /WX- /Od /Ob0 /Oy- /D WIN32 /D _WINDOWS /D _DEBUG /D _DEBUG /D _CRT_SECURE_NO_WARNINGS /D _CRT_SECURE_NO_DEPRECATE /D _SCL_SECURE_NO_WARNINGS /D "CMAKE_INTDIR=\"Debug\"" /D _MBCS /Gm- /EHsc /RTC1 /MDd /GS /arch:SSE /fp:precise /Zc:wchar_t /Zc:forScope /GR /Fo"C:\Users\Jordan\Dropbox\Foundation\bullet2.83\Build\LinearMath\Win32\Debug\\" /Fd"C:\Users\Jordan\Dropbox\Foundation\bullet2.83\Build\LinearMath\Win32\Debug\vc110.pdb" /Gd /TP /analyze- /errorReport:prompt btAlignedAllocator.cpp btConvexHull.cpp btConvexHullComputer.cpp btGeometryUtil.cpp btPolarDecomposition.cpp btQuickprof.cpp btSerializer.cpp btVector3.cpp
         btAlignedAllocator.cpp
         btConvexHull.cpp
         btConvexHullComputer.cpp
         btGeometryUtil.cpp
         btPolarDecomposition.cpp
         btQuickprof.cpp
         btSerializer.cpp
         btVector3.cpp
         Generating Code...
       Lib:
         C:\Program Files (x86)\Microsoft Visual Studio 11.0\VC\bin\Lib.exe /OUT:"C:\Users\Jordan\Dropbox\Foundation\bullet2.83\Bin\Win32\Debug\LinearMath.lib" /NOLOGO C:\Users\Jordan\Dropbox\Foundation\bullet2.83\Build\LinearMath\Win32\Debug\btAlignedAllocator.obj
         C:\Users\Jordan\Dropbox\Foundation\bullet2.83\Build\LinearMath\Win32\Debug\btConvexHull.obj
         C:\Users\Jordan\Dropbox\Foundation\bullet2.83\Build\LinearMath\Win32\Debug\btConvexHullComputer.obj
         C:\Users\Jordan\Dropbox\Foundation\bullet2.83\Build\LinearMath\Win32\Debug\btGeometryUtil.obj
         C:\Users\Jordan\Dropbox\Foundation\bullet2.83\Build\LinearMath\Win32\Debug\btPolarDecomposition.obj
         C:\Users\Jordan\Dropbox\Foundation\bullet2.83\Build\LinearMath\Win32\Debug\btQuickprof.obj
         C:\Users\Jordan\Dropbox\Foundation\bullet2.83\Build\LinearMath\Win32\Debug\btSerializer.obj
         C:\Users\Jordan\Dropbox\Foundation\bullet2.83\Build\LinearMath\Win32\Debug\btVector3.obj
         LinearMath.vcxproj -> C:\Users\Jordan\Dropbox\Foundation\bullet2.83\Bin\Win32\Debug\LinearMath.lib
       FinalizeBuildStatus:
         Deleting file "C:\Users\Jordan\Dropbox\Foundation\bullet2.83\Build\LinearMath\Win32\Debug\LinearMath.unsuccessfulbuild".
         Touching "C:\Users\Jordan\Dropbox\Foundation\bullet2.83\Build\LinearMath\Win32\Debug\LinearMath.lastbuildstate".
     1>Done Building Project "C:\Users\Jordan\Dropbox\Foundation\bullet2.83\src\LinearMath\LinearMath.vcxproj" (Rebuild target(s)).

Build succeeded.

Time Elapsed 00:00:01.25
