Build started 11/11/2014 20:42:22.
     1>Project "C:\Users\Jordan\Dropbox\Foundation\Utility\Utility.vcxproj" on node 2 (Rebuild target(s)).
     1>InitializeBuildStatus:
         Creating "Release/x64/Utility.unsuccessfulbuild" because "AlwaysCreate" was specified.
       ClCompile:
         C:\Program Files (x86)\Microsoft Visual Studio 11.0\VC\bin\x86_amd64\CL.exe /c /Zi /nologo /W3 /WX- /O2 /Oi /GL /D WIN32 /D NDEBUG /D _LIB /D _UNICODE /D UNICODE /Gm- /EHsc /MD /GS /Gy /fp:precise /Zc:wchar_t /Zc:forScope /Fo"Release/x64/" /Fd"Release/x64/vc110.pdb" /Gd /TP /errorReport:prompt Source\Base64.cpp Source\FileSystem.cpp Source\IdGenerator.cpp Source\Image.cpp Source\MessageBox.cpp Source\MipMapGenerator.cpp Source\String.cpp Source\XmlManager.cpp
         Base64.cpp
     1>Source\Base64.cpp(27): warning C4267: 'argument' : conversion from 'size_t' to 'unsigned int', possible loss of data
     1>Source\Base64.cpp(88): warning C4267: 'argument' : conversion from 'size_t' to 'unsigned int', possible loss of data
         FileSystem.cpp
     1>Source\FileSystem.cpp(11): error C2664: 'CreateDirectoryW' : cannot convert parameter 1 from 'const char *' to 'LPCWSTR'
                 Types pointed to are unrelated; conversion requires reinterpret_cast, C-style cast or function-style cast
     1>Source\FileSystem.cpp(76): warning C4267: 'initializing' : conversion from 'size_t' to 'unsigned int', possible loss of data
         IdGenerator.cpp
         Image.cpp
         MessageBox.cpp
     1>Source\MessageBox.cpp(12): error C2664: 'MessageBoxW' : cannot convert parameter 2 from 'const char *' to 'LPCWSTR'
                 Types pointed to are unrelated; conversion requires reinterpret_cast, C-style cast or function-style cast
         MipMapGenerator.cpp
         String.cpp
         XmlManager.cpp
     1>Done Building Project "C:\Users\Jordan\Dropbox\Foundation\Utility\Utility.vcxproj" (Rebuild target(s)) -- FAILED.

Build FAILED.

Time Elapsed 00:00:04.56
