Build started 28/08/2014 21:01:13.
     1>Project "C:\Users\Jordan\Dropbox\Foundation\Lua\Lua\Lua.vcxproj" on node 2 (Rebuild target(s)).
     1>PrepareForBuild:
         Creating directory "C:\Users\Jordan\Dropbox\Foundation\Lua\Bin\Win32\Debug\".
       InitializeBuildStatus:
         Creating "C:\Users\Jordan\Dropbox\Foundation\Lua\Build\Lua\Win32\Debug\Lua.unsuccessfulbuild" because "AlwaysCreate" was specified.
       ClCompile:
         C:\Program Files (x86)\Microsoft Visual Studio 11.0\VC\bin\CL.exe /c /ZI /nologo /W3 /WX- /sdl /Od /Oy- /D _CRT_SECURE_NO_WARNINGS /D _MBCS /Gm /EHsc /RTC1 /MDd /GS /fp:precise /Zc:wchar_t /Zc:forScope /Fo"C:\Users\Jordan\Dropbox\Foundation\Lua\Build\Lua\Win32\Debug\\" /Fd"C:\Users\Jordan\Dropbox\Foundation\Lua\Build\Lua\Win32\Debug\vc110.pdb" /Gd /TC /analyze- /errorReport:prompt src\lapi.c src\lauxlib.c src\lbaselib.c src\lbitlib.c src\lcode.c src\lcorolib.c src\lctype.c src\ldblib.c src\ldebug.c src\ldo.c src\ldump.c src\lfunc.c src\lgc.c src\linit.c src\liolib.c src\llex.c src\lmathlib.c src\lmem.c src\loadlib.c src\lobject.c src\lopcodes.c src\loslib.c src\lparser.c src\lstate.c src\lstring.c src\lstrlib.c src\ltable.c src\ltablib.c src\ltm.c src\lvm.c src\lzio.c
         lzio.c
         lvm.c
         ltm.c
         ltablib.c
         ltable.c
         lstrlib.c
         lstring.c
         lstate.c
         lparser.c
         loslib.c
         lopcodes.c
         lobject.c
         loadlib.c
         lmem.c
         lmathlib.c
         llex.c
         liolib.c
         linit.c
         lgc.c
         lfunc.c
         Generating Code...
         Compiling...
         ldump.c
         ldo.c
         ldebug.c
         ldblib.c
         lctype.c
         lcorolib.c
         lcode.c
         lbitlib.c
         lbaselib.c
         lauxlib.c
         lapi.c
         Generating Code...
         C:\Program Files (x86)\Microsoft Visual Studio 11.0\VC\bin\CL.exe /c /ZI /nologo /W3 /WX- /sdl /Od /Oy- /D _CRT_SECURE_NO_WARNINGS /D _CRT_SECURE_NO_WARNINGS /D _MBCS /Gm /EHsc /RTC1 /MDd /GS /fp:precise /Zc:wchar_t /Zc:forScope /Fo"C:\Users\Jordan\Dropbox\Foundation\Lua\Build\Lua\Win32\Debug\\" /Fd"C:\Users\Jordan\Dropbox\Foundation\Lua\Build\Lua\Win32\Debug\vc110.pdb" /Gd /TC /analyze- /errorReport:prompt src\lundump.c
         lundump.c
       Lib:
         C:\Program Files (x86)\Microsoft Visual Studio 11.0\VC\bin\Lib.exe /OUT:"C:\Users\Jordan\Dropbox\Foundation\Lua\Bin\Win32\Debug\Lua.lib" /NOLOGO C:\Users\Jordan\Dropbox\Foundation\Lua\Build\Lua\Win32\Debug\lapi.obj
         C:\Users\Jordan\Dropbox\Foundation\Lua\Build\Lua\Win32\Debug\lauxlib.obj
         C:\Users\Jordan\Dropbox\Foundation\Lua\Build\Lua\Win32\Debug\lbaselib.obj
         C:\Users\Jordan\Dropbox\Foundation\Lua\Build\Lua\Win32\Debug\lbitlib.obj
         C:\Users\Jordan\Dropbox\Foundation\Lua\Build\Lua\Win32\Debug\lcode.obj
         C:\Users\Jordan\Dropbox\Foundation\Lua\Build\Lua\Win32\Debug\lcorolib.obj
         C:\Users\Jordan\Dropbox\Foundation\Lua\Build\Lua\Win32\Debug\lctype.obj
         C:\Users\Jordan\Dropbox\Foundation\Lua\Build\Lua\Win32\Debug\ldblib.obj
         C:\Users\Jordan\Dropbox\Foundation\Lua\Build\Lua\Win32\Debug\ldebug.obj
         C:\Users\Jordan\Dropbox\Foundation\Lua\Build\Lua\Win32\Debug\ldo.obj
         C:\Users\Jordan\Dropbox\Foundation\Lua\Build\Lua\Win32\Debug\ldump.obj
         C:\Users\Jordan\Dropbox\Foundation\Lua\Build\Lua\Win32\Debug\lfunc.obj
         C:\Users\Jordan\Dropbox\Foundation\Lua\Build\Lua\Win32\Debug\lgc.obj
         C:\Users\Jordan\Dropbox\Foundation\Lua\Build\Lua\Win32\Debug\linit.obj
         C:\Users\Jordan\Dropbox\Foundation\Lua\Build\Lua\Win32\Debug\liolib.obj
         C:\Users\Jordan\Dropbox\Foundation\Lua\Build\Lua\Win32\Debug\llex.obj
         C:\Users\Jordan\Dropbox\Foundation\Lua\Build\Lua\Win32\Debug\lmathlib.obj
         C:\Users\Jordan\Dropbox\Foundation\Lua\Build\Lua\Win32\Debug\lmem.obj
         C:\Users\Jordan\Dropbox\Foundation\Lua\Build\Lua\Win32\Debug\loadlib.obj
         C:\Users\Jordan\Dropbox\Foundation\Lua\Build\Lua\Win32\Debug\lobject.obj
         C:\Users\Jordan\Dropbox\Foundation\Lua\Build\Lua\Win32\Debug\lopcodes.obj
         C:\Users\Jordan\Dropbox\Foundation\Lua\Build\Lua\Win32\Debug\loslib.obj
         C:\Users\Jordan\Dropbox\Foundation\Lua\Build\Lua\Win32\Debug\lparser.obj
         C:\Users\Jordan\Dropbox\Foundation\Lua\Build\Lua\Win32\Debug\lstate.obj
         C:\Users\Jordan\Dropbox\Foundation\Lua\Build\Lua\Win32\Debug\lstring.obj
         C:\Users\Jordan\Dropbox\Foundation\Lua\Build\Lua\Win32\Debug\lstrlib.obj
         C:\Users\Jordan\Dropbox\Foundation\Lua\Build\Lua\Win32\Debug\ltable.obj
         C:\Users\Jordan\Dropbox\Foundation\Lua\Build\Lua\Win32\Debug\ltablib.obj
         C:\Users\Jordan\Dropbox\Foundation\Lua\Build\Lua\Win32\Debug\ltm.obj
         C:\Users\Jordan\Dropbox\Foundation\Lua\Build\Lua\Win32\Debug\lundump.obj
         C:\Users\Jordan\Dropbox\Foundation\Lua\Build\Lua\Win32\Debug\lvm.obj
         C:\Users\Jordan\Dropbox\Foundation\Lua\Build\Lua\Win32\Debug\lzio.obj
         Lua.vcxproj -> C:\Users\Jordan\Dropbox\Foundation\Lua\Bin\Win32\Debug\Lua.lib
       FinalizeBuildStatus:
         Deleting file "C:\Users\Jordan\Dropbox\Foundation\Lua\Build\Lua\Win32\Debug\Lua.unsuccessfulbuild".
         Touching "C:\Users\Jordan\Dropbox\Foundation\Lua\Build\Lua\Win32\Debug\Lua.lastbuildstate".
     1>Done Building Project "C:\Users\Jordan\Dropbox\Foundation\Lua\Lua\Lua.vcxproj" (Rebuild target(s)).

Build succeeded.

Time Elapsed 00:00:01.84
