C:\USERS\JORDAN\DROPBOX\FOUNDATION\BULLET2.83\BUILD\BULLETCOLLISION\WIN32\DEBUG\BTCONVEXCONCAVECOLLISIONALGORITHM.OBJ
C:\USERS\JORDAN\DROPBOX\FOUNDATION\BULLET2.83\BUILD\BULLETCOLLISION\WIN32\DEBUG\BTCOMPOUNDCOMPOUNDCOLLISIONALGORITHM.OBJ
C:\USERS\JORDAN\DROPBOX\FOUNDATION\BULLET2.83\BUILD\BULLETCOLLISION\WIN32\DEBUG\BTCOMPOUNDCOLLISIONALGORITHM.OBJ
C:\USERS\JORDAN\DROPBOX\FOUNDATION\BULLET2.83\BUILD\BULLETCOLLISION\WIN32\DEBUG\BTCOLLISIONWORLD.OBJ
C:\USERS\JORDAN\DROPBOX\FOUNDATION\BULLET2.83\BUILD\BULLETCOLLISION\WIN32\DEBUG\BTCOLLISIONOBJECT.OBJ
C:\USERS\JORDAN\DROPBOX\FOUNDATION\BULLET2.83\BUILD\BULLETCOLLISION\WIN32\DEBUG\BTCOLLISIONDISPATCHER.OBJ
C:\USERS\JORDAN\DROPBOX\FOUNDATION\BULLET2.83\BUILD\BULLETCOLLISION\WIN32\DEBUG\BTBOXBOXDETECTOR.OBJ
C:\USERS\JORDAN\DROPBOX\FOUNDATION\BULLET2.83\BUILD\BULLETCOLLISION\WIN32\DEBUG\BTBOX2DBOX2DCOLLISIONALGORITHM.OBJ
C:\USERS\JORDAN\DROPBOX\FOUNDATION\BULLET2.83\BUILD\BULLETCOLLISION\WIN32\DEBUG\BTBOXBOXCOLLISIONALGORITHM.OBJ
C:\USERS\JORDAN\DROPBOX\FOUNDATION\BULLET2.83\BUILD\BULLETCOLLISION\WIN32\DEBUG\BTACTIVATINGCOLLISIONALGORITHM.OBJ
C:\USERS\JORDAN\DROPBOX\FOUNDATION\BULLET2.83\BUILD\BULLETCOLLISION\WIN32\DEBUG\BTSIMPLEBROADPHASE.OBJ
C:\USERS\JORDAN\DROPBOX\FOUNDATION\BULLET2.83\BUILD\BULLETCOLLISION\WIN32\DEBUG\BTQUANTIZEDBVH.OBJ
C:\USERS\JORDAN\DROPBOX\FOUNDATION\BULLET2.83\BUILD\BULLETCOLLISION\WIN32\DEBUG\BTOVERLAPPINGPAIRCACHE.OBJ
C:\USERS\JORDAN\DROPBOX\FOUNDATION\BULLET2.83\BUILD\BULLETCOLLISION\WIN32\DEBUG\BTMULTISAPBROADPHASE.OBJ
C:\USERS\JORDAN\DROPBOX\FOUNDATION\BULLET2.83\BUILD\BULLETCOLLISION\WIN32\DEBUG\BTDISPATCHER.OBJ
C:\USERS\JORDAN\DROPBOX\FOUNDATION\BULLET2.83\BUILD\BULLETCOLLISION\WIN32\DEBUG\BTDBVTBROADPHASE.OBJ
C:\USERS\JORDAN\DROPBOX\FOUNDATION\BULLET2.83\BUILD\BULLETCOLLISION\WIN32\DEBUG\BTDBVT.OBJ
C:\USERS\JORDAN\DROPBOX\FOUNDATION\BULLET2.83\BUILD\BULLETCOLLISION\WIN32\DEBUG\BTCOLLISIONALGORITHM.OBJ
C:\USERS\JORDAN\DROPBOX\FOUNDATION\BULLET2.83\BUILD\BULLETCOLLISION\WIN32\DEBUG\BTBROADPHASEPROXY.OBJ
C:\USERS\JORDAN\DROPBOX\FOUNDATION\BULLET2.83\BUILD\BULLETCOLLISION\WIN32\DEBUG\BTAXISSWEEP3.OBJ
C:\USERS\JORDAN\DROPBOX\FOUNDATION\BULLET2.83\BUILD\BULLETCOLLISION\WIN32\DEBUG\BTCOLLISIONSHAPE.OBJ
C:\USERS\JORDAN\DROPBOX\FOUNDATION\BULLET2.83\BUILD\BULLETCOLLISION\WIN32\DEBUG\BTCAPSULESHAPE.OBJ
C:\USERS\JORDAN\DROPBOX\FOUNDATION\BULLET2.83\BUILD\BULLETCOLLISION\WIN32\DEBUG\BTBVHTRIANGLEMESHSHAPE.OBJ
C:\USERS\JORDAN\DROPBOX\FOUNDATION\BULLET2.83\BUILD\BULLETCOLLISION\WIN32\DEBUG\BTBOX2DSHAPE.OBJ
C:\USERS\JORDAN\DROPBOX\FOUNDATION\BULLET2.83\BUILD\BULLETCOLLISION\WIN32\DEBUG\BTBOXSHAPE.OBJ
C:\USERS\JORDAN\DROPBOX\FOUNDATION\BULLET2.83\BUILD\BULLETCOLLISION\WIN32\DEBUG\SPHERETRIANGLEDETECTOR.OBJ
C:\USERS\JORDAN\DROPBOX\FOUNDATION\BULLET2.83\BUILD\BULLETCOLLISION\WIN32\DEBUG\BTUNIONFIND.OBJ
C:\USERS\JORDAN\DROPBOX\FOUNDATION\BULLET2.83\BUILD\BULLETCOLLISION\WIN32\DEBUG\BTSPHERETRIANGLECOLLISIONALGORITHM.OBJ
C:\USERS\JORDAN\DROPBOX\FOUNDATION\BULLET2.83\BUILD\BULLETCOLLISION\WIN32\DEBUG\BTSPHERESPHERECOLLISIONALGORITHM.OBJ
C:\USERS\JORDAN\DROPBOX\FOUNDATION\BULLET2.83\BUILD\BULLETCOLLISION\WIN32\DEBUG\BTSPHEREBOXCOLLISIONALGORITHM.OBJ
C:\USERS\JORDAN\DROPBOX\FOUNDATION\BULLET2.83\BUILD\BULLETCOLLISION\WIN32\DEBUG\BTSIMULATIONISLANDMANAGER.OBJ
C:\USERS\JORDAN\DROPBOX\FOUNDATION\BULLET2.83\BUILD\BULLETCOLLISION\WIN32\DEBUG\BTMANIFOLDRESULT.OBJ
C:\USERS\JORDAN\DROPBOX\FOUNDATION\BULLET2.83\BUILD\BULLETCOLLISION\WIN32\DEBUG\BTINTERNALEDGEUTILITY.OBJ
C:\USERS\JORDAN\DROPBOX\FOUNDATION\BULLET2.83\BUILD\BULLETCOLLISION\WIN32\DEBUG\BTHASHEDSIMPLEPAIRCACHE.OBJ
C:\USERS\JORDAN\DROPBOX\FOUNDATION\BULLET2.83\BUILD\BULLETCOLLISION\WIN32\DEBUG\BTGHOSTOBJECT.OBJ
C:\USERS\JORDAN\DROPBOX\FOUNDATION\BULLET2.83\BUILD\BULLETCOLLISION\WIN32\DEBUG\BTEMPTYCOLLISIONALGORITHM.OBJ
C:\USERS\JORDAN\DROPBOX\FOUNDATION\BULLET2.83\BUILD\BULLETCOLLISION\WIN32\DEBUG\BTDEFAULTCOLLISIONCONFIGURATION.OBJ
C:\USERS\JORDAN\DROPBOX\FOUNDATION\BULLET2.83\BUILD\BULLETCOLLISION\WIN32\DEBUG\BTCONVEX2DCONVEX2DALGORITHM.OBJ
C:\USERS\JORDAN\DROPBOX\FOUNDATION\BULLET2.83\BUILD\BULLETCOLLISION\WIN32\DEBUG\BTCONVEXPLANECOLLISIONALGORITHM.OBJ
C:\USERS\JORDAN\DROPBOX\FOUNDATION\BULLET2.83\BUILD\BULLETCOLLISION\WIN32\DEBUG\BTCONVEXCONVEXALGORITHM.OBJ
C:\USERS\JORDAN\DROPBOX\FOUNDATION\BULLET2.83\BUILD\BULLETCOLLISION\WIN32\DEBUG\BTSHAPEHULL.OBJ
C:\USERS\JORDAN\DROPBOX\FOUNDATION\BULLET2.83\BUILD\BULLETCOLLISION\WIN32\DEBUG\BTSCALEDBVHTRIANGLEMESHSHAPE.OBJ
C:\USERS\JORDAN\DROPBOX\FOUNDATION\BULLET2.83\BUILD\BULLETCOLLISION\WIN32\DEBUG\BTPOLYHEDRALCONVEXSHAPE.OBJ
C:\USERS\JORDAN\DROPBOX\FOUNDATION\BULLET2.83\BUILD\BULLETCOLLISION\WIN32\DEBUG\BTOPTIMIZEDBVH.OBJ
C:\USERS\JORDAN\DROPBOX\FOUNDATION\BULLET2.83\BUILD\BULLETCOLLISION\WIN32\DEBUG\BTMULTISPHERESHAPE.OBJ
C:\USERS\JORDAN\DROPBOX\FOUNDATION\BULLET2.83\BUILD\BULLETCOLLISION\WIN32\DEBUG\BTMULTIMATERIALTRIANGLEMESHSHAPE.OBJ
C:\USERS\JORDAN\DROPBOX\FOUNDATION\BULLET2.83\BUILD\BULLETCOLLISION\WIN32\DEBUG\BTMINKOWSKISUMSHAPE.OBJ
C:\USERS\JORDAN\DROPBOX\FOUNDATION\BULLET2.83\BUILD\BULLETCOLLISION\WIN32\DEBUG\BTHEIGHTFIELDTERRAINSHAPE.OBJ
C:\USERS\JORDAN\DROPBOX\FOUNDATION\BULLET2.83\BUILD\BULLETCOLLISION\WIN32\DEBUG\BTEMPTYSHAPE.OBJ
C:\USERS\JORDAN\DROPBOX\FOUNDATION\BULLET2.83\BUILD\BULLETCOLLISION\WIN32\DEBUG\BTCYLINDERSHAPE.OBJ
C:\USERS\JORDAN\DROPBOX\FOUNDATION\BULLET2.83\BUILD\BULLETCOLLISION\WIN32\DEBUG\BTCONVEXTRIANGLEMESHSHAPE.OBJ
C:\USERS\JORDAN\DROPBOX\FOUNDATION\BULLET2.83\BUILD\BULLETCOLLISION\WIN32\DEBUG\BTCONVEX2DSHAPE.OBJ
C:\USERS\JORDAN\DROPBOX\FOUNDATION\BULLET2.83\BUILD\BULLETCOLLISION\WIN32\DEBUG\BTCONVEXSHAPE.OBJ
C:\USERS\JORDAN\DROPBOX\FOUNDATION\BULLET2.83\BUILD\BULLETCOLLISION\WIN32\DEBUG\BTCONVEXPOLYHEDRON.OBJ
C:\USERS\JORDAN\DROPBOX\FOUNDATION\BULLET2.83\BUILD\BULLETCOLLISION\WIN32\DEBUG\BTCONVEXPOINTCLOUDSHAPE.OBJ
C:\USERS\JORDAN\DROPBOX\FOUNDATION\BULLET2.83\BUILD\BULLETCOLLISION\WIN32\DEBUG\BTCONVEXINTERNALSHAPE.OBJ
C:\USERS\JORDAN\DROPBOX\FOUNDATION\BULLET2.83\BUILD\BULLETCOLLISION\WIN32\DEBUG\BTCONVEXHULLSHAPE.OBJ
C:\USERS\JORDAN\DROPBOX\FOUNDATION\BULLET2.83\BUILD\BULLETCOLLISION\WIN32\DEBUG\BTCONESHAPE.OBJ
C:\USERS\JORDAN\DROPBOX\FOUNDATION\BULLET2.83\BUILD\BULLETCOLLISION\WIN32\DEBUG\BTCONCAVESHAPE.OBJ
C:\USERS\JORDAN\DROPBOX\FOUNDATION\BULLET2.83\BUILD\BULLETCOLLISION\WIN32\DEBUG\BTCOMPOUNDSHAPE.OBJ
C:\USERS\JORDAN\DROPBOX\FOUNDATION\BULLET2.83\BUILD\BULLETCOLLISION\WIN32\DEBUG\GIM_CONTACT.OBJ
C:\USERS\JORDAN\DROPBOX\FOUNDATION\BULLET2.83\BUILD\BULLETCOLLISION\WIN32\DEBUG\GIM_BOX_SET.OBJ
C:\USERS\JORDAN\DROPBOX\FOUNDATION\BULLET2.83\BUILD\BULLETCOLLISION\WIN32\DEBUG\BTTRIANGLESHAPEEX.OBJ
C:\USERS\JORDAN\DROPBOX\FOUNDATION\BULLET2.83\BUILD\BULLETCOLLISION\WIN32\DEBUG\BTGIMPACTSHAPE.OBJ
C:\USERS\JORDAN\DROPBOX\FOUNDATION\BULLET2.83\BUILD\BULLETCOLLISION\WIN32\DEBUG\BTGIMPACTQUANTIZEDBVH.OBJ
C:\USERS\JORDAN\DROPBOX\FOUNDATION\BULLET2.83\BUILD\BULLETCOLLISION\WIN32\DEBUG\BTGIMPACTCOLLISIONALGORITHM.OBJ
C:\USERS\JORDAN\DROPBOX\FOUNDATION\BULLET2.83\BUILD\BULLETCOLLISION\WIN32\DEBUG\BTGIMPACTBVH.OBJ
C:\USERS\JORDAN\DROPBOX\FOUNDATION\BULLET2.83\BUILD\BULLETCOLLISION\WIN32\DEBUG\BTGENERICPOOLALLOCATOR.OBJ
C:\USERS\JORDAN\DROPBOX\FOUNDATION\BULLET2.83\BUILD\BULLETCOLLISION\WIN32\DEBUG\BTCONTACTPROCESSING.OBJ
C:\USERS\JORDAN\DROPBOX\FOUNDATION\BULLET2.83\BUILD\BULLETCOLLISION\WIN32\DEBUG\BTUNIFORMSCALINGSHAPE.OBJ
C:\USERS\JORDAN\DROPBOX\FOUNDATION\BULLET2.83\BUILD\BULLETCOLLISION\WIN32\DEBUG\BTTRIANGLEMESHSHAPE.OBJ
C:\USERS\JORDAN\DROPBOX\FOUNDATION\BULLET2.83\BUILD\BULLETCOLLISION\WIN32\DEBUG\BTTRIANGLEMESH.OBJ
C:\USERS\JORDAN\DROPBOX\FOUNDATION\BULLET2.83\BUILD\BULLETCOLLISION\WIN32\DEBUG\BTTRIANGLEINDEXVERTEXMATERIALARRAY.OBJ
C:\USERS\JORDAN\DROPBOX\FOUNDATION\BULLET2.83\BUILD\BULLETCOLLISION\WIN32\DEBUG\BTTRIANGLEINDEXVERTEXARRAY.OBJ
C:\USERS\JORDAN\DROPBOX\FOUNDATION\BULLET2.83\BUILD\BULLETCOLLISION\WIN32\DEBUG\BTTRIANGLECALLBACK.OBJ
C:\USERS\JORDAN\DROPBOX\FOUNDATION\BULLET2.83\BUILD\BULLETCOLLISION\WIN32\DEBUG\BTTRIANGLEBUFFER.OBJ
C:\USERS\JORDAN\DROPBOX\FOUNDATION\BULLET2.83\BUILD\BULLETCOLLISION\WIN32\DEBUG\BTTETRAHEDRONSHAPE.OBJ
C:\USERS\JORDAN\DROPBOX\FOUNDATION\BULLET2.83\BUILD\BULLETCOLLISION\WIN32\DEBUG\BTSTRIDINGMESHINTERFACE.OBJ
C:\USERS\JORDAN\DROPBOX\FOUNDATION\BULLET2.83\BUILD\BULLETCOLLISION\WIN32\DEBUG\BTSTATICPLANESHAPE.OBJ
C:\USERS\JORDAN\DROPBOX\FOUNDATION\BULLET2.83\BUILD\BULLETCOLLISION\WIN32\DEBUG\BTSPHERESHAPE.OBJ
C:\USERS\JORDAN\DROPBOX\FOUNDATION\BULLET2.83\BUILD\BULLETCOLLISION\WIN32\DEBUG\BTPOLYHEDRALCONTACTCLIPPING.OBJ
C:\USERS\JORDAN\DROPBOX\FOUNDATION\BULLET2.83\BUILD\BULLETCOLLISION\WIN32\DEBUG\BTVORONOISIMPLEXSOLVER.OBJ
C:\USERS\JORDAN\DROPBOX\FOUNDATION\BULLET2.83\BUILD\BULLETCOLLISION\WIN32\DEBUG\BTSUBSIMPLEXCONVEXCAST.OBJ
C:\USERS\JORDAN\DROPBOX\FOUNDATION\BULLET2.83\BUILD\BULLETCOLLISION\WIN32\DEBUG\BTRAYCASTCALLBACK.OBJ
C:\USERS\JORDAN\DROPBOX\FOUNDATION\BULLET2.83\BUILD\BULLETCOLLISION\WIN32\DEBUG\BTPERSISTENTMANIFOLD.OBJ
C:\USERS\JORDAN\DROPBOX\FOUNDATION\BULLET2.83\BUILD\BULLETCOLLISION\WIN32\DEBUG\BTMINKOWSKIPENETRATIONDEPTHSOLVER.OBJ
C:\USERS\JORDAN\DROPBOX\FOUNDATION\BULLET2.83\BUILD\BULLETCOLLISION\WIN32\DEBUG\BTGJKPAIRDETECTOR.OBJ
C:\USERS\JORDAN\DROPBOX\FOUNDATION\BULLET2.83\BUILD\BULLETCOLLISION\WIN32\DEBUG\BTGJKEPAPENETRATIONDEPTHSOLVER.OBJ
C:\USERS\JORDAN\DROPBOX\FOUNDATION\BULLET2.83\BUILD\BULLETCOLLISION\WIN32\DEBUG\BTGJKEPA2.OBJ
C:\USERS\JORDAN\DROPBOX\FOUNDATION\BULLET2.83\BUILD\BULLETCOLLISION\WIN32\DEBUG\BTGJKCONVEXCAST.OBJ
C:\USERS\JORDAN\DROPBOX\FOUNDATION\BULLET2.83\BUILD\BULLETCOLLISION\WIN32\DEBUG\BTCONVEXCAST.OBJ
C:\USERS\JORDAN\DROPBOX\FOUNDATION\BULLET2.83\BUILD\BULLETCOLLISION\WIN32\DEBUG\BTCONTINUOUSCONVEXCOLLISION.OBJ
C:\USERS\JORDAN\DROPBOX\FOUNDATION\BULLET2.83\BUILD\BULLETCOLLISION\WIN32\DEBUG\GIM_TRI_COLLISION.OBJ
C:\USERS\JORDAN\DROPBOX\FOUNDATION\BULLET2.83\BUILD\BULLETCOLLISION\WIN32\DEBUG\GIM_MEMORY.OBJ
C:\USERS\JORDAN\DROPBOX\FOUNDATION\BULLET2.83\BUILD\BULLETCOLLISION\WIN32\DEBUG\VC110.PDB
C:\USERS\JORDAN\DROPBOX\FOUNDATION\BULLET2.83\BIN\WIN32\DEBUG\BULLETCOLLISION.LIB
C:\Users\Jordan\Dropbox\Foundation\bullet2.83\Build\BulletCollision\Win32\Debug\btActivatingCollisionAlgorithm.obj
C:\Users\Jordan\Dropbox\Foundation\bullet2.83\Build\BulletCollision\Win32\Debug\btAxisSweep3.obj
C:\Users\Jordan\Dropbox\Foundation\bullet2.83\Build\BulletCollision\Win32\Debug\btBox2dBox2dCollisionAlgorithm.obj
C:\Users\Jordan\Dropbox\Foundation\bullet2.83\Build\BulletCollision\Win32\Debug\btBox2dShape.obj
C:\Users\Jordan\Dropbox\Foundation\bullet2.83\Build\BulletCollision\Win32\Debug\btBoxBoxCollisionAlgorithm.obj
C:\Users\Jordan\Dropbox\Foundation\bullet2.83\Build\BulletCollision\Win32\Debug\btBoxBoxDetector.obj
C:\Users\Jordan\Dropbox\Foundation\bullet2.83\Build\BulletCollision\Win32\Debug\btBoxShape.obj
C:\Users\Jordan\Dropbox\Foundation\bullet2.83\Build\BulletCollision\Win32\Debug\btBroadphaseProxy.obj
C:\Users\Jordan\Dropbox\Foundation\bullet2.83\Build\BulletCollision\Win32\Debug\btBvhTriangleMeshShape.obj
C:\Users\Jordan\Dropbox\Foundation\bullet2.83\Build\BulletCollision\Win32\Debug\btCapsuleShape.obj
C:\Users\Jordan\Dropbox\Foundation\bullet2.83\Build\BulletCollision\Win32\Debug\btCollisionAlgorithm.obj
C:\Users\Jordan\Dropbox\Foundation\bullet2.83\Build\BulletCollision\Win32\Debug\btCollisionDispatcher.obj
C:\Users\Jordan\Dropbox\Foundation\bullet2.83\Build\BulletCollision\Win32\Debug\btCollisionObject.obj
C:\Users\Jordan\Dropbox\Foundation\bullet2.83\Build\BulletCollision\Win32\Debug\btCollisionShape.obj
C:\Users\Jordan\Dropbox\Foundation\bullet2.83\Build\BulletCollision\Win32\Debug\btCollisionWorld.obj
C:\Users\Jordan\Dropbox\Foundation\bullet2.83\Build\BulletCollision\Win32\Debug\btCompoundCollisionAlgorithm.obj
C:\Users\Jordan\Dropbox\Foundation\bullet2.83\Build\BulletCollision\Win32\Debug\btCompoundCompoundCollisionAlgorithm.obj
C:\Users\Jordan\Dropbox\Foundation\bullet2.83\Build\BulletCollision\Win32\Debug\btCompoundShape.obj
C:\Users\Jordan\Dropbox\Foundation\bullet2.83\Build\BulletCollision\Win32\Debug\btConcaveShape.obj
C:\Users\Jordan\Dropbox\Foundation\bullet2.83\Build\BulletCollision\Win32\Debug\btConeShape.obj
C:\Users\Jordan\Dropbox\Foundation\bullet2.83\Build\BulletCollision\Win32\Debug\btContactProcessing.obj
C:\Users\Jordan\Dropbox\Foundation\bullet2.83\Build\BulletCollision\Win32\Debug\btContinuousConvexCollision.obj
C:\Users\Jordan\Dropbox\Foundation\bullet2.83\Build\BulletCollision\Win32\Debug\btConvex2dConvex2dAlgorithm.obj
C:\Users\Jordan\Dropbox\Foundation\bullet2.83\Build\BulletCollision\Win32\Debug\btConvex2dShape.obj
C:\Users\Jordan\Dropbox\Foundation\bullet2.83\Build\BulletCollision\Win32\Debug\btConvexCast.obj
C:\Users\Jordan\Dropbox\Foundation\bullet2.83\Build\BulletCollision\Win32\Debug\btConvexConcaveCollisionAlgorithm.obj
C:\Users\Jordan\Dropbox\Foundation\bullet2.83\Build\BulletCollision\Win32\Debug\btConvexConvexAlgorithm.obj
C:\Users\Jordan\Dropbox\Foundation\bullet2.83\Build\BulletCollision\Win32\Debug\btConvexHullShape.obj
C:\Users\Jordan\Dropbox\Foundation\bullet2.83\Build\BulletCollision\Win32\Debug\btConvexInternalShape.obj
C:\Users\Jordan\Dropbox\Foundation\bullet2.83\Build\BulletCollision\Win32\Debug\btConvexPlaneCollisionAlgorithm.obj
C:\Users\Jordan\Dropbox\Foundation\bullet2.83\Build\BulletCollision\Win32\Debug\btConvexPointCloudShape.obj
C:\Users\Jordan\Dropbox\Foundation\bullet2.83\Build\BulletCollision\Win32\Debug\btConvexPolyhedron.obj
C:\Users\Jordan\Dropbox\Foundation\bullet2.83\Build\BulletCollision\Win32\Debug\btConvexShape.obj
C:\Users\Jordan\Dropbox\Foundation\bullet2.83\Build\BulletCollision\Win32\Debug\btConvexTriangleMeshShape.obj
C:\Users\Jordan\Dropbox\Foundation\bullet2.83\Build\BulletCollision\Win32\Debug\btCylinderShape.obj
C:\Users\Jordan\Dropbox\Foundation\bullet2.83\Build\BulletCollision\Win32\Debug\btDbvt.obj
C:\Users\Jordan\Dropbox\Foundation\bullet2.83\Build\BulletCollision\Win32\Debug\btDbvtBroadphase.obj
C:\Users\Jordan\Dropbox\Foundation\bullet2.83\Build\BulletCollision\Win32\Debug\btDefaultCollisionConfiguration.obj
C:\Users\Jordan\Dropbox\Foundation\bullet2.83\Build\BulletCollision\Win32\Debug\btDispatcher.obj
C:\Users\Jordan\Dropbox\Foundation\bullet2.83\Build\BulletCollision\Win32\Debug\btEmptyCollisionAlgorithm.obj
C:\Users\Jordan\Dropbox\Foundation\bullet2.83\Build\BulletCollision\Win32\Debug\btEmptyShape.obj
C:\Users\Jordan\Dropbox\Foundation\bullet2.83\Build\BulletCollision\Win32\Debug\btGenericPoolAllocator.obj
C:\Users\Jordan\Dropbox\Foundation\bullet2.83\Build\BulletCollision\Win32\Debug\btGhostObject.obj
C:\Users\Jordan\Dropbox\Foundation\bullet2.83\Build\BulletCollision\Win32\Debug\btGImpactBvh.obj
C:\Users\Jordan\Dropbox\Foundation\bullet2.83\Build\BulletCollision\Win32\Debug\btGImpactCollisionAlgorithm.obj
C:\Users\Jordan\Dropbox\Foundation\bullet2.83\Build\BulletCollision\Win32\Debug\btGImpactQuantizedBvh.obj
C:\Users\Jordan\Dropbox\Foundation\bullet2.83\Build\BulletCollision\Win32\Debug\btGImpactShape.obj
C:\Users\Jordan\Dropbox\Foundation\bullet2.83\Build\BulletCollision\Win32\Debug\btGjkConvexCast.obj
C:\Users\Jordan\Dropbox\Foundation\bullet2.83\Build\BulletCollision\Win32\Debug\btGjkEpa2.obj
C:\Users\Jordan\Dropbox\Foundation\bullet2.83\Build\BulletCollision\Win32\Debug\btGjkEpaPenetrationDepthSolver.obj
C:\Users\Jordan\Dropbox\Foundation\bullet2.83\Build\BulletCollision\Win32\Debug\btGjkPairDetector.obj
C:\Users\Jordan\Dropbox\Foundation\bullet2.83\Build\BulletCollision\Win32\Debug\btHashedSimplePairCache.obj
C:\Users\Jordan\Dropbox\Foundation\bullet2.83\Build\BulletCollision\Win32\Debug\btHeightfieldTerrainShape.obj
C:\Users\Jordan\Dropbox\Foundation\bullet2.83\Build\BulletCollision\Win32\Debug\btInternalEdgeUtility.obj
C:\Users\Jordan\Dropbox\Foundation\bullet2.83\Build\BulletCollision\Win32\Debug\btManifoldResult.obj
C:\Users\Jordan\Dropbox\Foundation\bullet2.83\Build\BulletCollision\Win32\Debug\btMinkowskiPenetrationDepthSolver.obj
C:\Users\Jordan\Dropbox\Foundation\bullet2.83\Build\BulletCollision\Win32\Debug\btMinkowskiSumShape.obj
C:\Users\Jordan\Dropbox\Foundation\bullet2.83\Build\BulletCollision\Win32\Debug\btMultimaterialTriangleMeshShape.obj
C:\Users\Jordan\Dropbox\Foundation\bullet2.83\Build\BulletCollision\Win32\Debug\btMultiSapBroadphase.obj
C:\Users\Jordan\Dropbox\Foundation\bullet2.83\Build\BulletCollision\Win32\Debug\btMultiSphereShape.obj
C:\Users\Jordan\Dropbox\Foundation\bullet2.83\Build\BulletCollision\Win32\Debug\btOptimizedBvh.obj
C:\Users\Jordan\Dropbox\Foundation\bullet2.83\Build\BulletCollision\Win32\Debug\btOverlappingPairCache.obj
C:\Users\Jordan\Dropbox\Foundation\bullet2.83\Build\BulletCollision\Win32\Debug\btPersistentManifold.obj
C:\Users\Jordan\Dropbox\Foundation\bullet2.83\Build\BulletCollision\Win32\Debug\btPolyhedralContactClipping.obj
C:\Users\Jordan\Dropbox\Foundation\bullet2.83\Build\BulletCollision\Win32\Debug\btPolyhedralConvexShape.obj
C:\Users\Jordan\Dropbox\Foundation\bullet2.83\Build\BulletCollision\Win32\Debug\btQuantizedBvh.obj
C:\Users\Jordan\Dropbox\Foundation\bullet2.83\Build\BulletCollision\Win32\Debug\btRaycastCallback.obj
C:\Users\Jordan\Dropbox\Foundation\bullet2.83\Build\BulletCollision\Win32\Debug\btScaledBvhTriangleMeshShape.obj
C:\Users\Jordan\Dropbox\Foundation\bullet2.83\Build\BulletCollision\Win32\Debug\btShapeHull.obj
C:\Users\Jordan\Dropbox\Foundation\bullet2.83\Build\BulletCollision\Win32\Debug\btSimpleBroadphase.obj
C:\Users\Jordan\Dropbox\Foundation\bullet2.83\Build\BulletCollision\Win32\Debug\btSimulationIslandManager.obj
C:\Users\Jordan\Dropbox\Foundation\bullet2.83\Build\BulletCollision\Win32\Debug\btSphereBoxCollisionAlgorithm.obj
C:\Users\Jordan\Dropbox\Foundation\bullet2.83\Build\BulletCollision\Win32\Debug\btSphereShape.obj
C:\Users\Jordan\Dropbox\Foundation\bullet2.83\Build\BulletCollision\Win32\Debug\btSphereSphereCollisionAlgorithm.obj
C:\Users\Jordan\Dropbox\Foundation\bullet2.83\Build\BulletCollision\Win32\Debug\btSphereTriangleCollisionAlgorithm.obj
C:\Users\Jordan\Dropbox\Foundation\bullet2.83\Build\BulletCollision\Win32\Debug\btStaticPlaneShape.obj
C:\Users\Jordan\Dropbox\Foundation\bullet2.83\Build\BulletCollision\Win32\Debug\btStridingMeshInterface.obj
C:\Users\Jordan\Dropbox\Foundation\bullet2.83\Build\BulletCollision\Win32\Debug\btSubSimplexConvexCast.obj
C:\Users\Jordan\Dropbox\Foundation\bullet2.83\Build\BulletCollision\Win32\Debug\btTetrahedronShape.obj
C:\Users\Jordan\Dropbox\Foundation\bullet2.83\Build\BulletCollision\Win32\Debug\btTriangleBuffer.obj
C:\Users\Jordan\Dropbox\Foundation\bullet2.83\Build\BulletCollision\Win32\Debug\btTriangleCallback.obj
C:\Users\Jordan\Dropbox\Foundation\bullet2.83\Build\BulletCollision\Win32\Debug\btTriangleIndexVertexArray.obj
C:\Users\Jordan\Dropbox\Foundation\bullet2.83\Build\BulletCollision\Win32\Debug\btTriangleIndexVertexMaterialArray.obj
C:\Users\Jordan\Dropbox\Foundation\bullet2.83\Build\BulletCollision\Win32\Debug\btTriangleMesh.obj
C:\Users\Jordan\Dropbox\Foundation\bullet2.83\Build\BulletCollision\Win32\Debug\btTriangleMeshShape.obj
C:\Users\Jordan\Dropbox\Foundation\bullet2.83\Build\BulletCollision\Win32\Debug\btTriangleShapeEx.obj
C:\Users\Jordan\Dropbox\Foundation\bullet2.83\Build\BulletCollision\Win32\Debug\btUniformScalingShape.obj
C:\Users\Jordan\Dropbox\Foundation\bullet2.83\Build\BulletCollision\Win32\Debug\btUnionFind.obj
C:\Users\Jordan\Dropbox\Foundation\bullet2.83\Build\BulletCollision\Win32\Debug\btVoronoiSimplexSolver.obj
C:\Users\Jordan\Dropbox\Foundation\bullet2.83\Build\BulletCollision\Win32\Debug\gim_box_set.obj
C:\Users\Jordan\Dropbox\Foundation\bullet2.83\Build\BulletCollision\Win32\Debug\gim_contact.obj
C:\Users\Jordan\Dropbox\Foundation\bullet2.83\Build\BulletCollision\Win32\Debug\gim_memory.obj
C:\Users\Jordan\Dropbox\Foundation\bullet2.83\Build\BulletCollision\Win32\Debug\gim_tri_collision.obj
C:\Users\Jordan\Dropbox\Foundation\bullet2.83\Build\BulletCollision\Win32\Debug\SphereTriangleDetector.obj
C:\Users\Jordan\Dropbox\Foundation\bullet2.83\Build\BulletCollision\Win32\Debug\cl.command.1.tlog
C:\Users\Jordan\Dropbox\Foundation\bullet2.83\Build\BulletCollision\Win32\Debug\CL.read.1.tlog
C:\Users\Jordan\Dropbox\Foundation\bullet2.83\Build\BulletCollision\Win32\Debug\CL.write.1.tlog
C:\Users\Jordan\Dropbox\Foundation\bullet2.83\Build\BulletCollision\Win32\Debug\Lib-link.read.1.tlog
C:\Users\Jordan\Dropbox\Foundation\bullet2.83\Build\BulletCollision\Win32\Debug\Lib-link.write.1.tlog
C:\Users\Jordan\Dropbox\Foundation\bullet2.83\Build\BulletCollision\Win32\Debug\lib.command.1.tlog
C:\Users\Jordan\Dropbox\Foundation\bullet2.83\Build\BulletCollision\Win32\Debug\vc110.pdb
C:\Users\Jordan\Dropbox\Foundation\bullet2.83\Bin\Win32\Debug\BulletCollision.lib
