Build started 21/08/2014 20:52:32.
     1>Project "C:\Users\Jordan\Dropbox\Foundation\bullet2.83\src\BulletCollision\BulletCollision.vcxproj" on node 2 (Rebuild target(s)).
     1>_PrepareForClean:
         Deleting file "C:\Users\Jordan\Dropbox\Foundation\bullet2.83\Build\BulletCollision\Win32\Debug\BulletCollision.lastbuildstate".
       InitializeBuildStatus:
         Creating "C:\Users\Jordan\Dropbox\Foundation\bullet2.83\Build\BulletCollision\Win32\Debug\BulletCollision.unsuccessfulbuild" because "AlwaysCreate" was specified.
       ClCompile:
         C:\Program Files (x86)\Microsoft Visual Studio 11.0\VC\bin\CL.exe /c /IC:\Users\Jordan\Dropbox\Foundation\bullet2.83\src /Zi /nologo /W3 /WX- /Od /Ob0 /Oy- /D WIN32 /D _WINDOWS /D _DEBUG /D _DEBUG /D _CRT_SECURE_NO_WARNINGS /D _CRT_SECURE_NO_DEPRECATE /D _SCL_SECURE_NO_WARNINGS /D "CMAKE_INTDIR=\"Debug\"" /D _MBCS /Gm- /EHsc /RTC1 /MDd /GS /arch:SSE /fp:precise /Zc:wchar_t /Zc:forScope /GR /Fo"C:\Users\Jordan\Dropbox\Foundation\bullet2.83\Build\BulletCollision\Win32\Debug\\" /Fd"C:\Users\Jordan\Dropbox\Foundation\bullet2.83\Build\BulletCollision\Win32\Debug\vc110.pdb" /Gd /TP /analyze- /errorReport:prompt BroadphaseCollision\btAxisSweep3.cpp BroadphaseCollision\btBroadphaseProxy.cpp BroadphaseCollision\btCollisionAlgorithm.cpp BroadphaseCollision\btDbvt.cpp BroadphaseCollision\btDbvtBroadphase.cpp BroadphaseCollision\btDispatcher.cpp BroadphaseCollision\btMultiSapBroadphase.cpp BroadphaseCollision\btOverlappingPairCache.cpp BroadphaseCollision\btQuantizedBvh.cpp BroadphaseCollision\btSimpleBroadphase.cpp CollisionDispatch\btActivatingCollisionAlgorithm.cpp CollisionDispatch\btBoxBoxCollisionAlgorithm.cpp CollisionDispatch\btBox2dBox2dCollisionAlgorithm.cpp CollisionDispatch\btBoxBoxDetector.cpp CollisionDispatch\btCollisionDispatcher.cpp CollisionDispatch\btCollisionObject.cpp CollisionDispatch\btCollisionWorld.cpp CollisionDispatch\btCompoundCollisionAlgorithm.cpp CollisionDispatch\btCompoundCompoundCollisionAlgorithm.cpp CollisionDispatch\btConvexConcaveCollisionAlgorithm.cpp CollisionDispatch\btConvexConvexAlgorithm.cpp CollisionDispatch\btConvexPlaneCollisionAlgorithm.cpp CollisionDispatch\btConvex2dConvex2dAlgorithm.cpp CollisionDispatch\btDefaultCollisionConfiguration.cpp CollisionDispatch\btEmptyCollisionAlgorithm.cpp CollisionDispatch\btGhostObject.cpp CollisionDispatch\btHashedSimplePairCache.cpp CollisionDispatch\btInternalEdgeUtility.cpp CollisionDispatch\btManifoldResult.cpp CollisionDispatch\btSimulationIslandManager.cpp CollisionDispatch\btSphereBoxCollisionAlgorithm.cpp CollisionDispatch\btSphereSphereCollisionAlgorithm.cpp CollisionDispatch\btSphereTriangleCollisionAlgorithm.cpp CollisionDispatch\btUnionFind.cpp CollisionDispatch\SphereTriangleDetector.cpp CollisionShapes\btBoxShape.cpp CollisionShapes\btBox2dShape.cpp CollisionShapes\btBvhTriangleMeshShape.cpp CollisionShapes\btCapsuleShape.cpp CollisionShapes\btCollisionShape.cpp CollisionShapes\btCompoundShape.cpp CollisionShapes\btConcaveShape.cpp CollisionShapes\btConeShape.cpp CollisionShapes\btConvexHullShape.cpp CollisionShapes\btConvexInternalShape.cpp CollisionShapes\btConvexPointCloudShape.cpp CollisionShapes\btConvexPolyhedron.cpp CollisionShapes\btConvexShape.cpp CollisionShapes\btConvex2dShape.cpp CollisionShapes\btConvexTriangleMeshShape.cpp CollisionShapes\btCylinderShape.cpp CollisionShapes\btEmptyShape.cpp CollisionShapes\btHeightfieldTerrainShape.cpp CollisionShapes\btMinkowskiSumShape.cpp CollisionShapes\btMultimaterialTriangleMeshShape.cpp CollisionShapes\btMultiSphereShape.cpp CollisionShapes\btOptimizedBvh.cpp CollisionShapes\btPolyhedralConvexShape.cpp CollisionShapes\btScaledBvhTriangleMeshShape.cpp CollisionShapes\btShapeHull.cpp CollisionShapes\btSphereShape.cpp CollisionShapes\btStaticPlaneShape.cpp CollisionShapes\btStridingMeshInterface.cpp CollisionShapes\btTetrahedronShape.cpp CollisionShapes\btTriangleBuffer.cpp CollisionShapes\btTriangleCallback.cpp CollisionShapes\btTriangleIndexVertexArray.cpp CollisionShapes\btTriangleIndexVertexMaterialArray.cpp CollisionShapes\btTriangleMesh.cpp CollisionShapes\btTriangleMeshShape.cpp CollisionShapes\btUniformScalingShape.cpp Gimpact\btContactProcessing.cpp Gimpact\btGenericPoolAllocator.cpp Gimpact\btGImpactBvh.cpp Gimpact\btGImpactCollisionAlgorithm.cpp Gimpact\btGImpactQuantizedBvh.cpp Gimpact\btGImpactShape.cpp Gimpact\btTriangleShapeEx.cpp Gimpact\gim_box_set.cpp Gimpact\gim_contact.cpp Gimpact\gim_memory.cpp Gimpact\gim_tri_collision.cpp NarrowPhaseCollision\btContinuousConvexCollision.cpp NarrowPhaseCollision\btConvexCast.cpp NarrowPhaseCollision\btGjkConvexCast.cpp NarrowPhaseCollision\btGjkEpa2.cpp NarrowPhaseCollision\btGjkEpaPenetrationDepthSolver.cpp NarrowPhaseCollision\btGjkPairDetector.cpp NarrowPhaseCollision\btMinkowskiPenetrationDepthSolver.cpp NarrowPhaseCollision\btPersistentManifold.cpp NarrowPhaseCollision\btRaycastCallback.cpp NarrowPhaseCollision\btSubSimplexConvexCast.cpp NarrowPhaseCollision\btVoronoiSimplexSolver.cpp NarrowPhaseCollision\btPolyhedralContactClipping.cpp
         btAxisSweep3.cpp
         btBroadphaseProxy.cpp
         btCollisionAlgorithm.cpp
         btDbvt.cpp
         btDbvtBroadphase.cpp
         btDispatcher.cpp
         btMultiSapBroadphase.cpp
         btOverlappingPairCache.cpp
         btQuantizedBvh.cpp
         btSimpleBroadphase.cpp
         btActivatingCollisionAlgorithm.cpp
         btBoxBoxCollisionAlgorithm.cpp
         btBox2dBox2dCollisionAlgorithm.cpp
         btBoxBoxDetector.cpp
         btCollisionDispatcher.cpp
         btCollisionObject.cpp
         btCollisionWorld.cpp
         btCompoundCollisionAlgorithm.cpp
         btCompoundCompoundCollisionAlgorithm.cpp
         btConvexConcaveCollisionAlgorithm.cpp
         Generating Code...
         Compiling...
         btConvexConvexAlgorithm.cpp
         btConvexPlaneCollisionAlgorithm.cpp
         btConvex2dConvex2dAlgorithm.cpp
         btDefaultCollisionConfiguration.cpp
         btEmptyCollisionAlgorithm.cpp
         btGhostObject.cpp
         btHashedSimplePairCache.cpp
         btInternalEdgeUtility.cpp
         btManifoldResult.cpp
         btSimulationIslandManager.cpp
         btSphereBoxCollisionAlgorithm.cpp
         btSphereSphereCollisionAlgorithm.cpp
         btSphereTriangleCollisionAlgorithm.cpp
         btUnionFind.cpp
         SphereTriangleDetector.cpp
         btBoxShape.cpp
         btBox2dShape.cpp
         btBvhTriangleMeshShape.cpp
         btCapsuleShape.cpp
         btCollisionShape.cpp
         Generating Code...
         Compiling...
         btCompoundShape.cpp
         btConcaveShape.cpp
         btConeShape.cpp
         btConvexHullShape.cpp
         btConvexInternalShape.cpp
         btConvexPointCloudShape.cpp
         btConvexPolyhedron.cpp
         btConvexShape.cpp
         btConvex2dShape.cpp
         btConvexTriangleMeshShape.cpp
         btCylinderShape.cpp
         btEmptyShape.cpp
         btHeightfieldTerrainShape.cpp
         btMinkowskiSumShape.cpp
         btMultimaterialTriangleMeshShape.cpp
         btMultiSphereShape.cpp
         btOptimizedBvh.cpp
         btPolyhedralConvexShape.cpp
         btScaledBvhTriangleMeshShape.cpp
         btShapeHull.cpp
         Generating Code...
         Compiling...
         btSphereShape.cpp
         btStaticPlaneShape.cpp
         btStridingMeshInterface.cpp
         btTetrahedronShape.cpp
         btTriangleBuffer.cpp
         btTriangleCallback.cpp
         btTriangleIndexVertexArray.cpp
         btTriangleIndexVertexMaterialArray.cpp
         btTriangleMesh.cpp
         btTriangleMeshShape.cpp
         btUniformScalingShape.cpp
         btContactProcessing.cpp
         btGenericPoolAllocator.cpp
         btGImpactBvh.cpp
         btGImpactCollisionAlgorithm.cpp
         btGImpactQuantizedBvh.cpp
         btGImpactShape.cpp
         btTriangleShapeEx.cpp
         gim_box_set.cpp
         gim_contact.cpp
         Generating Code...
         Compiling...
         gim_memory.cpp
         gim_tri_collision.cpp
         btContinuousConvexCollision.cpp
         btConvexCast.cpp
         btGjkConvexCast.cpp
         btGjkEpa2.cpp
         btGjkEpaPenetrationDepthSolver.cpp
         btGjkPairDetector.cpp
         btMinkowskiPenetrationDepthSolver.cpp
         btPersistentManifold.cpp
         btRaycastCallback.cpp
         btSubSimplexConvexCast.cpp
         btVoronoiSimplexSolver.cpp
         btPolyhedralContactClipping.cpp
         Generating Code...
       Lib:
         C:\Program Files (x86)\Microsoft Visual Studio 11.0\VC\bin\Lib.exe /OUT:"C:\Users\Jordan\Dropbox\Foundation\bullet2.83\Bin\Win32\Debug\BulletCollision.lib" /NOLOGO C:\Users\Jordan\Dropbox\Foundation\bullet2.83\Build\BulletCollision\Win32\Debug\btAxisSweep3.obj
         C:\Users\Jordan\Dropbox\Foundation\bullet2.83\Build\BulletCollision\Win32\Debug\btBroadphaseProxy.obj
         C:\Users\Jordan\Dropbox\Foundation\bullet2.83\Build\BulletCollision\Win32\Debug\btCollisionAlgorithm.obj
         C:\Users\Jordan\Dropbox\Foundation\bullet2.83\Build\BulletCollision\Win32\Debug\btDbvt.obj
         C:\Users\Jordan\Dropbox\Foundation\bullet2.83\Build\BulletCollision\Win32\Debug\btDbvtBroadphase.obj
         C:\Users\Jordan\Dropbox\Foundation\bullet2.83\Build\BulletCollision\Win32\Debug\btDispatcher.obj
         C:\Users\Jordan\Dropbox\Foundation\bullet2.83\Build\BulletCollision\Win32\Debug\btMultiSapBroadphase.obj
         C:\Users\Jordan\Dropbox\Foundation\bullet2.83\Build\BulletCollision\Win32\Debug\btOverlappingPairCache.obj
         C:\Users\Jordan\Dropbox\Foundation\bullet2.83\Build\BulletCollision\Win32\Debug\btQuantizedBvh.obj
         C:\Users\Jordan\Dropbox\Foundation\bullet2.83\Build\BulletCollision\Win32\Debug\btSimpleBroadphase.obj
         C:\Users\Jordan\Dropbox\Foundation\bullet2.83\Build\BulletCollision\Win32\Debug\btActivatingCollisionAlgorithm.obj
         C:\Users\Jordan\Dropbox\Foundation\bullet2.83\Build\BulletCollision\Win32\Debug\btBoxBoxCollisionAlgorithm.obj
         C:\Users\Jordan\Dropbox\Foundation\bullet2.83\Build\BulletCollision\Win32\Debug\btBox2dBox2dCollisionAlgorithm.obj
         C:\Users\Jordan\Dropbox\Foundation\bullet2.83\Build\BulletCollision\Win32\Debug\btBoxBoxDetector.obj
         C:\Users\Jordan\Dropbox\Foundation\bullet2.83\Build\BulletCollision\Win32\Debug\btCollisionDispatcher.obj
         C:\Users\Jordan\Dropbox\Foundation\bullet2.83\Build\BulletCollision\Win32\Debug\btCollisionObject.obj
         C:\Users\Jordan\Dropbox\Foundation\bullet2.83\Build\BulletCollision\Win32\Debug\btCollisionWorld.obj
         C:\Users\Jordan\Dropbox\Foundation\bullet2.83\Build\BulletCollision\Win32\Debug\btCompoundCollisionAlgorithm.obj
         C:\Users\Jordan\Dropbox\Foundation\bullet2.83\Build\BulletCollision\Win32\Debug\btCompoundCompoundCollisionAlgorithm.obj
         C:\Users\Jordan\Dropbox\Foundation\bullet2.83\Build\BulletCollision\Win32\Debug\btConvexConcaveCollisionAlgorithm.obj
         C:\Users\Jordan\Dropbox\Foundation\bullet2.83\Build\BulletCollision\Win32\Debug\btConvexConvexAlgorithm.obj
         C:\Users\Jordan\Dropbox\Foundation\bullet2.83\Build\BulletCollision\Win32\Debug\btConvexPlaneCollisionAlgorithm.obj
         C:\Users\Jordan\Dropbox\Foundation\bullet2.83\Build\BulletCollision\Win32\Debug\btConvex2dConvex2dAlgorithm.obj
         C:\Users\Jordan\Dropbox\Foundation\bullet2.83\Build\BulletCollision\Win32\Debug\btDefaultCollisionConfiguration.obj
         C:\Users\Jordan\Dropbox\Foundation\bullet2.83\Build\BulletCollision\Win32\Debug\btEmptyCollisionAlgorithm.obj
         C:\Users\Jordan\Dropbox\Foundation\bullet2.83\Build\BulletCollision\Win32\Debug\btGhostObject.obj
         C:\Users\Jordan\Dropbox\Foundation\bullet2.83\Build\BulletCollision\Win32\Debug\btHashedSimplePairCache.obj
         C:\Users\Jordan\Dropbox\Foundation\bullet2.83\Build\BulletCollision\Win32\Debug\btInternalEdgeUtility.obj
         C:\Users\Jordan\Dropbox\Foundation\bullet2.83\Build\BulletCollision\Win32\Debug\btManifoldResult.obj
         C:\Users\Jordan\Dropbox\Foundation\bullet2.83\Build\BulletCollision\Win32\Debug\btSimulationIslandManager.obj
         C:\Users\Jordan\Dropbox\Foundation\bullet2.83\Build\BulletCollision\Win32\Debug\btSphereBoxCollisionAlgorithm.obj
         C:\Users\Jordan\Dropbox\Foundation\bullet2.83\Build\BulletCollision\Win32\Debug\btSphereSphereCollisionAlgorithm.obj
         C:\Users\Jordan\Dropbox\Foundation\bullet2.83\Build\BulletCollision\Win32\Debug\btSphereTriangleCollisionAlgorithm.obj
         C:\Users\Jordan\Dropbox\Foundation\bullet2.83\Build\BulletCollision\Win32\Debug\btUnionFind.obj
         C:\Users\Jordan\Dropbox\Foundation\bullet2.83\Build\BulletCollision\Win32\Debug\SphereTriangleDetector.obj
         C:\Users\Jordan\Dropbox\Foundation\bullet2.83\Build\BulletCollision\Win32\Debug\btBoxShape.obj
         C:\Users\Jordan\Dropbox\Foundation\bullet2.83\Build\BulletCollision\Win32\Debug\btBox2dShape.obj
         C:\Users\Jordan\Dropbox\Foundation\bullet2.83\Build\BulletCollision\Win32\Debug\btBvhTriangleMeshShape.obj
         C:\Users\Jordan\Dropbox\Foundation\bullet2.83\Build\BulletCollision\Win32\Debug\btCapsuleShape.obj
         C:\Users\Jordan\Dropbox\Foundation\bullet2.83\Build\BulletCollision\Win32\Debug\btCollisionShape.obj
         C:\Users\Jordan\Dropbox\Foundation\bullet2.83\Build\BulletCollision\Win32\Debug\btCompoundShape.obj
         C:\Users\Jordan\Dropbox\Foundation\bullet2.83\Build\BulletCollision\Win32\Debug\btConcaveShape.obj
         C:\Users\Jordan\Dropbox\Foundation\bullet2.83\Build\BulletCollision\Win32\Debug\btConeShape.obj
         C:\Users\Jordan\Dropbox\Foundation\bullet2.83\Build\BulletCollision\Win32\Debug\btConvexHullShape.obj
         C:\Users\Jordan\Dropbox\Foundation\bullet2.83\Build\BulletCollision\Win32\Debug\btConvexInternalShape.obj
         C:\Users\Jordan\Dropbox\Foundation\bullet2.83\Build\BulletCollision\Win32\Debug\btConvexPointCloudShape.obj
         C:\Users\Jordan\Dropbox\Foundation\bullet2.83\Build\BulletCollision\Win32\Debug\btConvexPolyhedron.obj
         C:\Users\Jordan\Dropbox\Foundation\bullet2.83\Build\BulletCollision\Win32\Debug\btConvexShape.obj
         C:\Users\Jordan\Dropbox\Foundation\bullet2.83\Build\BulletCollision\Win32\Debug\btConvex2dShape.obj
         C:\Users\Jordan\Dropbox\Foundation\bullet2.83\Build\BulletCollision\Win32\Debug\btConvexTriangleMeshShape.obj
         C:\Users\Jordan\Dropbox\Foundation\bullet2.83\Build\BulletCollision\Win32\Debug\btCylinderShape.obj
         C:\Users\Jordan\Dropbox\Foundation\bullet2.83\Build\BulletCollision\Win32\Debug\btEmptyShape.obj
         C:\Users\Jordan\Dropbox\Foundation\bullet2.83\Build\BulletCollision\Win32\Debug\btHeightfieldTerrainShape.obj
         C:\Users\Jordan\Dropbox\Foundation\bullet2.83\Build\BulletCollision\Win32\Debug\btMinkowskiSumShape.obj
         C:\Users\Jordan\Dropbox\Foundation\bullet2.83\Build\BulletCollision\Win32\Debug\btMultimaterialTriangleMeshShape.obj
         C:\Users\Jordan\Dropbox\Foundation\bullet2.83\Build\BulletCollision\Win32\Debug\btMultiSphereShape.obj
         C:\Users\Jordan\Dropbox\Foundation\bullet2.83\Build\BulletCollision\Win32\Debug\btOptimizedBvh.obj
         C:\Users\Jordan\Dropbox\Foundation\bullet2.83\Build\BulletCollision\Win32\Debug\btPolyhedralConvexShape.obj
         C:\Users\Jordan\Dropbox\Foundation\bullet2.83\Build\BulletCollision\Win32\Debug\btScaledBvhTriangleMeshShape.obj
         C:\Users\Jordan\Dropbox\Foundation\bullet2.83\Build\BulletCollision\Win32\Debug\btShapeHull.obj
         C:\Users\Jordan\Dropbox\Foundation\bullet2.83\Build\BulletCollision\Win32\Debug\btSphereShape.obj
         C:\Users\Jordan\Dropbox\Foundation\bullet2.83\Build\BulletCollision\Win32\Debug\btStaticPlaneShape.obj
         C:\Users\Jordan\Dropbox\Foundation\bullet2.83\Build\BulletCollision\Win32\Debug\btStridingMeshInterface.obj
         C:\Users\Jordan\Dropbox\Foundation\bullet2.83\Build\BulletCollision\Win32\Debug\btTetrahedronShape.obj
         C:\Users\Jordan\Dropbox\Foundation\bullet2.83\Build\BulletCollision\Win32\Debug\btTriangleBuffer.obj
         C:\Users\Jordan\Dropbox\Foundation\bullet2.83\Build\BulletCollision\Win32\Debug\btTriangleCallback.obj
         C:\Users\Jordan\Dropbox\Foundation\bullet2.83\Build\BulletCollision\Win32\Debug\btTriangleIndexVertexArray.obj
         C:\Users\Jordan\Dropbox\Foundation\bullet2.83\Build\BulletCollision\Win32\Debug\btTriangleIndexVertexMaterialArray.obj
         C:\Users\Jordan\Dropbox\Foundation\bullet2.83\Build\BulletCollision\Win32\Debug\btTriangleMesh.obj
         C:\Users\Jordan\Dropbox\Foundation\bullet2.83\Build\BulletCollision\Win32\Debug\btTriangleMeshShape.obj
         C:\Users\Jordan\Dropbox\Foundation\bullet2.83\Build\BulletCollision\Win32\Debug\btUniformScalingShape.obj
         C:\Users\Jordan\Dropbox\Foundation\bullet2.83\Build\BulletCollision\Win32\Debug\btContactProcessing.obj
         C:\Users\Jordan\Dropbox\Foundation\bullet2.83\Build\BulletCollision\Win32\Debug\btGenericPoolAllocator.obj
         C:\Users\Jordan\Dropbox\Foundation\bullet2.83\Build\BulletCollision\Win32\Debug\btGImpactBvh.obj
         C:\Users\Jordan\Dropbox\Foundation\bullet2.83\Build\BulletCollision\Win32\Debug\btGImpactCollisionAlgorithm.obj
         C:\Users\Jordan\Dropbox\Foundation\bullet2.83\Build\BulletCollision\Win32\Debug\btGImpactQuantizedBvh.obj
         C:\Users\Jordan\Dropbox\Foundation\bullet2.83\Build\BulletCollision\Win32\Debug\btGImpactShape.obj
         C:\Users\Jordan\Dropbox\Foundation\bullet2.83\Build\BulletCollision\Win32\Debug\btTriangleShapeEx.obj
         C:\Users\Jordan\Dropbox\Foundation\bullet2.83\Build\BulletCollision\Win32\Debug\gim_box_set.obj
         C:\Users\Jordan\Dropbox\Foundation\bullet2.83\Build\BulletCollision\Win32\Debug\gim_contact.obj
         C:\Users\Jordan\Dropbox\Foundation\bullet2.83\Build\BulletCollision\Win32\Debug\gim_memory.obj
         C:\Users\Jordan\Dropbox\Foundation\bullet2.83\Build\BulletCollision\Win32\Debug\gim_tri_collision.obj
         C:\Users\Jordan\Dropbox\Foundation\bullet2.83\Build\BulletCollision\Win32\Debug\btContinuousConvexCollision.obj
         C:\Users\Jordan\Dropbox\Foundation\bullet2.83\Build\BulletCollision\Win32\Debug\btConvexCast.obj
         C:\Users\Jordan\Dropbox\Foundation\bullet2.83\Build\BulletCollision\Win32\Debug\btGjkConvexCast.obj
         C:\Users\Jordan\Dropbox\Foundation\bullet2.83\Build\BulletCollision\Win32\Debug\btGjkEpa2.obj
         C:\Users\Jordan\Dropbox\Foundation\bullet2.83\Build\BulletCollision\Win32\Debug\btGjkEpaPenetrationDepthSolver.obj
         C:\Users\Jordan\Dropbox\Foundation\bullet2.83\Build\BulletCollision\Win32\Debug\btGjkPairDetector.obj
         C:\Users\Jordan\Dropbox\Foundation\bullet2.83\Build\BulletCollision\Win32\Debug\btMinkowskiPenetrationDepthSolver.obj
         C:\Users\Jordan\Dropbox\Foundation\bullet2.83\Build\BulletCollision\Win32\Debug\btPersistentManifold.obj
         C:\Users\Jordan\Dropbox\Foundation\bullet2.83\Build\BulletCollision\Win32\Debug\btRaycastCallback.obj
         C:\Users\Jordan\Dropbox\Foundation\bullet2.83\Build\BulletCollision\Win32\Debug\btSubSimplexConvexCast.obj
         C:\Users\Jordan\Dropbox\Foundation\bullet2.83\Build\BulletCollision\Win32\Debug\btVoronoiSimplexSolver.obj
         C:\Users\Jordan\Dropbox\Foundation\bullet2.83\Build\BulletCollision\Win32\Debug\btPolyhedralContactClipping.obj
         BulletCollision.vcxproj -> C:\Users\Jordan\Dropbox\Foundation\bullet2.83\Bin\Win32\Debug\BulletCollision.lib
       FinalizeBuildStatus:
         Deleting file "C:\Users\Jordan\Dropbox\Foundation\bullet2.83\Build\BulletCollision\Win32\Debug\BulletCollision.unsuccessfulbuild".
         Touching "C:\Users\Jordan\Dropbox\Foundation\bullet2.83\Build\BulletCollision\Win32\Debug\BulletCollision.lastbuildstate".
     1>Done Building Project "C:\Users\Jordan\Dropbox\Foundation\bullet2.83\src\BulletCollision\BulletCollision.vcxproj" (Rebuild target(s)).

Build succeeded.

Time Elapsed 00:00:13.42
