Build started 21/08/2014 20:52:32.
     1>Project "C:\Users\Jordan\Dropbox\Foundation\bullet2.83\src\BulletDynamics\BulletDynamics.vcxproj" on node 4 (Rebuild target(s)).
     1>_PrepareForClean:
         Deleting file "C:\Users\Jordan\Dropbox\Foundation\bullet2.83\Build\BulletDynamics\Win32\Debug\BulletDynamics.lastbuildstate".
       InitializeBuildStatus:
         Creating "C:\Users\Jordan\Dropbox\Foundation\bullet2.83\Build\BulletDynamics\Win32\Debug\BulletDynamics.unsuccessfulbuild" because "AlwaysCreate" was specified.
       ClCompile:
         C:\Program Files (x86)\Microsoft Visual Studio 11.0\VC\bin\CL.exe /c /IC:\Users\Jordan\Dropbox\Foundation\bullet2.83\src /Zi /nologo /W3 /WX- /Od /Ob0 /Oy- /D WIN32 /D _WINDOWS /D _DEBUG /D _DEBUG /D _CRT_SECURE_NO_WARNINGS /D _CRT_SECURE_NO_DEPRECATE /D _SCL_SECURE_NO_WARNINGS /D "CMAKE_INTDIR=\"Debug\"" /D _MBCS /Gm- /EHsc /RTC1 /MDd /GS /arch:SSE /fp:precise /Zc:wchar_t /Zc:forScope /GR /Fo"C:\Users\Jordan\Dropbox\Foundation\bullet2.83\Build\BulletDynamics\Win32\Debug\\" /Fd"C:\Users\Jordan\Dropbox\Foundation\bullet2.83\Build\BulletDynamics\Win32\Debug\vc110.pdb" /Gd /TP /analyze- /errorReport:prompt Character\btKinematicCharacterController.cpp ConstraintSolver\btConeTwistConstraint.cpp ConstraintSolver\btContactConstraint.cpp ConstraintSolver\btFixedConstraint.cpp ConstraintSolver\btGearConstraint.cpp ConstraintSolver\btGeneric6DofConstraint.cpp ConstraintSolver\btGeneric6DofSpringConstraint.cpp ConstraintSolver\btHinge2Constraint.cpp ConstraintSolver\btHingeConstraint.cpp ConstraintSolver\btPoint2PointConstraint.cpp ConstraintSolver\btSequentialImpulseConstraintSolver.cpp ConstraintSolver\btNNCGConstraintSolver.cpp ConstraintSolver\btSliderConstraint.cpp ConstraintSolver\btSolve2LinearConstraint.cpp ConstraintSolver\btTypedConstraint.cpp ConstraintSolver\btUniversalConstraint.cpp Dynamics\btDiscreteDynamicsWorld.cpp Dynamics\btRigidBody.cpp Dynamics\btSimpleDynamicsWorld.cpp Vehicle\btRaycastVehicle.cpp Vehicle\btWheelInfo.cpp Featherstone\btMultiBody.cpp Featherstone\btMultiBodyConstraintSolver.cpp Featherstone\btMultiBodyDynamicsWorld.cpp Featherstone\btMultiBodyJointLimitConstraint.cpp Featherstone\btMultiBodyConstraint.cpp Featherstone\btMultiBodyPoint2Point.cpp Featherstone\btMultiBodyJointMotor.cpp MLCPSolvers\btDantzigLCP.cpp MLCPSolvers\btMLCPSolver.cpp MLCPSolvers\btLemkeAlgorithm.cpp
         btKinematicCharacterController.cpp
         btConeTwistConstraint.cpp
         btContactConstraint.cpp
         btFixedConstraint.cpp
         btGearConstraint.cpp
         btGeneric6DofConstraint.cpp
         btGeneric6DofSpringConstraint.cpp
         btHinge2Constraint.cpp
         btHingeConstraint.cpp
         btPoint2PointConstraint.cpp
         btSequentialImpulseConstraintSolver.cpp
         btNNCGConstraintSolver.cpp
         btSliderConstraint.cpp
         btSolve2LinearConstraint.cpp
         btTypedConstraint.cpp
         btUniversalConstraint.cpp
         btDiscreteDynamicsWorld.cpp
         btRigidBody.cpp
         btSimpleDynamicsWorld.cpp
         btRaycastVehicle.cpp
         Generating Code...
         Compiling...
         btWheelInfo.cpp
         btMultiBody.cpp
         btMultiBodyConstraintSolver.cpp
         btMultiBodyDynamicsWorld.cpp
         btMultiBodyJointLimitConstraint.cpp
         btMultiBodyConstraint.cpp
         btMultiBodyPoint2Point.cpp
         btMultiBodyJointMotor.cpp
         btDantzigLCP.cpp
         btMLCPSolver.cpp
         btLemkeAlgorithm.cpp
         Generating Code...
       Lib:
         C:\Program Files (x86)\Microsoft Visual Studio 11.0\VC\bin\Lib.exe /OUT:"C:\Users\Jordan\Dropbox\Foundation\bullet2.83\Bin\Win32\Debug\BulletDynamics.lib" /NOLOGO C:\Users\Jordan\Dropbox\Foundation\bullet2.83\Build\BulletDynamics\Win32\Debug\btKinematicCharacterController.obj
         C:\Users\Jordan\Dropbox\Foundation\bullet2.83\Build\BulletDynamics\Win32\Debug\btConeTwistConstraint.obj
         C:\Users\Jordan\Dropbox\Foundation\bullet2.83\Build\BulletDynamics\Win32\Debug\btContactConstraint.obj
         C:\Users\Jordan\Dropbox\Foundation\bullet2.83\Build\BulletDynamics\Win32\Debug\btFixedConstraint.obj
         C:\Users\Jordan\Dropbox\Foundation\bullet2.83\Build\BulletDynamics\Win32\Debug\btGearConstraint.obj
         C:\Users\Jordan\Dropbox\Foundation\bullet2.83\Build\BulletDynamics\Win32\Debug\btGeneric6DofConstraint.obj
         C:\Users\Jordan\Dropbox\Foundation\bullet2.83\Build\BulletDynamics\Win32\Debug\btGeneric6DofSpringConstraint.obj
         C:\Users\Jordan\Dropbox\Foundation\bullet2.83\Build\BulletDynamics\Win32\Debug\btHinge2Constraint.obj
         C:\Users\Jordan\Dropbox\Foundation\bullet2.83\Build\BulletDynamics\Win32\Debug\btHingeConstraint.obj
         C:\Users\Jordan\Dropbox\Foundation\bullet2.83\Build\BulletDynamics\Win32\Debug\btPoint2PointConstraint.obj
         C:\Users\Jordan\Dropbox\Foundation\bullet2.83\Build\BulletDynamics\Win32\Debug\btSequentialImpulseConstraintSolver.obj
         C:\Users\Jordan\Dropbox\Foundation\bullet2.83\Build\BulletDynamics\Win32\Debug\btNNCGConstraintSolver.obj
         C:\Users\Jordan\Dropbox\Foundation\bullet2.83\Build\BulletDynamics\Win32\Debug\btSliderConstraint.obj
         C:\Users\Jordan\Dropbox\Foundation\bullet2.83\Build\BulletDynamics\Win32\Debug\btSolve2LinearConstraint.obj
         C:\Users\Jordan\Dropbox\Foundation\bullet2.83\Build\BulletDynamics\Win32\Debug\btTypedConstraint.obj
         C:\Users\Jordan\Dropbox\Foundation\bullet2.83\Build\BulletDynamics\Win32\Debug\btUniversalConstraint.obj
         C:\Users\Jordan\Dropbox\Foundation\bullet2.83\Build\BulletDynamics\Win32\Debug\btDiscreteDynamicsWorld.obj
         C:\Users\Jordan\Dropbox\Foundation\bullet2.83\Build\BulletDynamics\Win32\Debug\btRigidBody.obj
         C:\Users\Jordan\Dropbox\Foundation\bullet2.83\Build\BulletDynamics\Win32\Debug\btSimpleDynamicsWorld.obj
         C:\Users\Jordan\Dropbox\Foundation\bullet2.83\Build\BulletDynamics\Win32\Debug\btRaycastVehicle.obj
         C:\Users\Jordan\Dropbox\Foundation\bullet2.83\Build\BulletDynamics\Win32\Debug\btWheelInfo.obj
         C:\Users\Jordan\Dropbox\Foundation\bullet2.83\Build\BulletDynamics\Win32\Debug\btMultiBody.obj
         C:\Users\Jordan\Dropbox\Foundation\bullet2.83\Build\BulletDynamics\Win32\Debug\btMultiBodyConstraintSolver.obj
         C:\Users\Jordan\Dropbox\Foundation\bullet2.83\Build\BulletDynamics\Win32\Debug\btMultiBodyDynamicsWorld.obj
         C:\Users\Jordan\Dropbox\Foundation\bullet2.83\Build\BulletDynamics\Win32\Debug\btMultiBodyJointLimitConstraint.obj
         C:\Users\Jordan\Dropbox\Foundation\bullet2.83\Build\BulletDynamics\Win32\Debug\btMultiBodyConstraint.obj
         C:\Users\Jordan\Dropbox\Foundation\bullet2.83\Build\BulletDynamics\Win32\Debug\btMultiBodyPoint2Point.obj
         C:\Users\Jordan\Dropbox\Foundation\bullet2.83\Build\BulletDynamics\Win32\Debug\btMultiBodyJointMotor.obj
         C:\Users\Jordan\Dropbox\Foundation\bullet2.83\Build\BulletDynamics\Win32\Debug\btDantzigLCP.obj
         C:\Users\Jordan\Dropbox\Foundation\bullet2.83\Build\BulletDynamics\Win32\Debug\btMLCPSolver.obj
         C:\Users\Jordan\Dropbox\Foundation\bullet2.83\Build\BulletDynamics\Win32\Debug\btLemkeAlgorithm.obj
         BulletDynamics.vcxproj -> C:\Users\Jordan\Dropbox\Foundation\bullet2.83\Bin\Win32\Debug\BulletDynamics.lib
       FinalizeBuildStatus:
         Deleting file "C:\Users\Jordan\Dropbox\Foundation\bullet2.83\Build\BulletDynamics\Win32\Debug\BulletDynamics.unsuccessfulbuild".
         Touching "C:\Users\Jordan\Dropbox\Foundation\bullet2.83\Build\BulletDynamics\Win32\Debug\BulletDynamics.lastbuildstate".
     1>Done Building Project "C:\Users\Jordan\Dropbox\Foundation\bullet2.83\src\BulletDynamics\BulletDynamics.vcxproj" (Rebuild target(s)).

Build succeeded.

Time Elapsed 00:00:05.66
