C:\USERS\JORDAN\DROPBOX\FOUNDATION\BULLET2.83\BUILD\BULLETDYNAMICS\WIN32\DEBUG\BTRAYCASTVEHICLE.OBJ
C:\USERS\JORDAN\DROPBOX\FOUNDATION\BULLET2.83\BUILD\BULLETDYNAMICS\WIN32\DEBUG\BTSIMPLEDYNAMICSWORLD.OBJ
C:\USERS\JORDAN\DROPBOX\FOUNDATION\BULLET2.83\BUILD\BULLETDYNAMICS\WIN32\DEBUG\BTRIGIDBODY.OBJ
C:\USERS\JORDAN\DROPBOX\FOUNDATION\BULLET2.83\BUILD\BULLETDYNAMICS\WIN32\DEBUG\BTDISCRETEDYNAMICSWORLD.OBJ
C:\USERS\JORDAN\DROPBOX\FOUNDATION\BULLET2.83\BUILD\BULLETDYNAMICS\WIN32\DEBUG\BTUNIVERSALCONSTRAINT.OBJ
C:\USERS\JORDAN\DROPBOX\FOUNDATION\BULLET2.83\BUILD\BULLETDYNAMICS\WIN32\DEBUG\BTTYPEDCONSTRAINT.OBJ
C:\USERS\JORDAN\DROPBOX\FOUNDATION\BULLET2.83\BUILD\BULLETDYNAMICS\WIN32\DEBUG\BTSOLVE2LINEARCONSTRAINT.OBJ
C:\USERS\JORDAN\DROPBOX\FOUNDATION\BULLET2.83\BUILD\BULLETDYNAMICS\WIN32\DEBUG\BTSLIDERCONSTRAINT.OBJ
C:\USERS\JORDAN\DROPBOX\FOUNDATION\BULLET2.83\BUILD\BULLETDYNAMICS\WIN32\DEBUG\BTNNCGCONSTRAINTSOLVER.OBJ
C:\USERS\JORDAN\DROPBOX\FOUNDATION\BULLET2.83\BUILD\BULLETDYNAMICS\WIN32\DEBUG\BTSEQUENTIALIMPULSECONSTRAINTSOLVER.OBJ
C:\USERS\JORDAN\DROPBOX\FOUNDATION\BULLET2.83\BUILD\BULLETDYNAMICS\WIN32\DEBUG\BTPOINT2POINTCONSTRAINT.OBJ
C:\USERS\JORDAN\DROPBOX\FOUNDATION\BULLET2.83\BUILD\BULLETDYNAMICS\WIN32\DEBUG\BTHINGECONSTRAINT.OBJ
C:\USERS\JORDAN\DROPBOX\FOUNDATION\BULLET2.83\BUILD\BULLETDYNAMICS\WIN32\DEBUG\BTHINGE2CONSTRAINT.OBJ
C:\USERS\JORDAN\DROPBOX\FOUNDATION\BULLET2.83\BUILD\BULLETDYNAMICS\WIN32\DEBUG\BTGENERIC6DOFSPRINGCONSTRAINT.OBJ
C:\USERS\JORDAN\DROPBOX\FOUNDATION\BULLET2.83\BUILD\BULLETDYNAMICS\WIN32\DEBUG\BTGENERIC6DOFCONSTRAINT.OBJ
C:\USERS\JORDAN\DROPBOX\FOUNDATION\BULLET2.83\BUILD\BULLETDYNAMICS\WIN32\DEBUG\BTGEARCONSTRAINT.OBJ
C:\USERS\JORDAN\DROPBOX\FOUNDATION\BULLET2.83\BUILD\BULLETDYNAMICS\WIN32\DEBUG\BTFIXEDCONSTRAINT.OBJ
C:\USERS\JORDAN\DROPBOX\FOUNDATION\BULLET2.83\BUILD\BULLETDYNAMICS\WIN32\DEBUG\BTCONTACTCONSTRAINT.OBJ
C:\USERS\JORDAN\DROPBOX\FOUNDATION\BULLET2.83\BUILD\BULLETDYNAMICS\WIN32\DEBUG\BTCONETWISTCONSTRAINT.OBJ
C:\USERS\JORDAN\DROPBOX\FOUNDATION\BULLET2.83\BUILD\BULLETDYNAMICS\WIN32\DEBUG\BTKINEMATICCHARACTERCONTROLLER.OBJ
C:\USERS\JORDAN\DROPBOX\FOUNDATION\BULLET2.83\BUILD\BULLETDYNAMICS\WIN32\DEBUG\BTLEMKEALGORITHM.OBJ
C:\USERS\JORDAN\DROPBOX\FOUNDATION\BULLET2.83\BUILD\BULLETDYNAMICS\WIN32\DEBUG\BTMLCPSOLVER.OBJ
C:\USERS\JORDAN\DROPBOX\FOUNDATION\BULLET2.83\BUILD\BULLETDYNAMICS\WIN32\DEBUG\BTDANTZIGLCP.OBJ
C:\USERS\JORDAN\DROPBOX\FOUNDATION\BULLET2.83\BUILD\BULLETDYNAMICS\WIN32\DEBUG\BTMULTIBODYJOINTMOTOR.OBJ
C:\USERS\JORDAN\DROPBOX\FOUNDATION\BULLET2.83\BUILD\BULLETDYNAMICS\WIN32\DEBUG\BTMULTIBODYPOINT2POINT.OBJ
C:\USERS\JORDAN\DROPBOX\FOUNDATION\BULLET2.83\BUILD\BULLETDYNAMICS\WIN32\DEBUG\BTMULTIBODYCONSTRAINT.OBJ
C:\USERS\JORDAN\DROPBOX\FOUNDATION\BULLET2.83\BUILD\BULLETDYNAMICS\WIN32\DEBUG\BTMULTIBODYJOINTLIMITCONSTRAINT.OBJ
C:\USERS\JORDAN\DROPBOX\FOUNDATION\BULLET2.83\BUILD\BULLETDYNAMICS\WIN32\DEBUG\BTMULTIBODYDYNAMICSWORLD.OBJ
C:\USERS\JORDAN\DROPBOX\FOUNDATION\BULLET2.83\BUILD\BULLETDYNAMICS\WIN32\DEBUG\BTMULTIBODYCONSTRAINTSOLVER.OBJ
C:\USERS\JORDAN\DROPBOX\FOUNDATION\BULLET2.83\BUILD\BULLETDYNAMICS\WIN32\DEBUG\BTMULTIBODY.OBJ
C:\USERS\JORDAN\DROPBOX\FOUNDATION\BULLET2.83\BUILD\BULLETDYNAMICS\WIN32\DEBUG\BTWHEELINFO.OBJ
C:\USERS\JORDAN\DROPBOX\FOUNDATION\BULLET2.83\BUILD\BULLETDYNAMICS\WIN32\DEBUG\VC110.PDB
C:\USERS\JORDAN\DROPBOX\FOUNDATION\BULLET2.83\BIN\WIN32\DEBUG\BULLETDYNAMICS.LIB
C:\Users\Jordan\Dropbox\Foundation\bullet2.83\Build\BulletDynamics\Win32\Debug\btConeTwistConstraint.obj
C:\Users\Jordan\Dropbox\Foundation\bullet2.83\Build\BulletDynamics\Win32\Debug\btContactConstraint.obj
C:\Users\Jordan\Dropbox\Foundation\bullet2.83\Build\BulletDynamics\Win32\Debug\btDantzigLCP.obj
C:\Users\Jordan\Dropbox\Foundation\bullet2.83\Build\BulletDynamics\Win32\Debug\btDiscreteDynamicsWorld.obj
C:\Users\Jordan\Dropbox\Foundation\bullet2.83\Build\BulletDynamics\Win32\Debug\btFixedConstraint.obj
C:\Users\Jordan\Dropbox\Foundation\bullet2.83\Build\BulletDynamics\Win32\Debug\btGearConstraint.obj
C:\Users\Jordan\Dropbox\Foundation\bullet2.83\Build\BulletDynamics\Win32\Debug\btGeneric6DofConstraint.obj
C:\Users\Jordan\Dropbox\Foundation\bullet2.83\Build\BulletDynamics\Win32\Debug\btGeneric6DofSpringConstraint.obj
C:\Users\Jordan\Dropbox\Foundation\bullet2.83\Build\BulletDynamics\Win32\Debug\btHinge2Constraint.obj
C:\Users\Jordan\Dropbox\Foundation\bullet2.83\Build\BulletDynamics\Win32\Debug\btHingeConstraint.obj
C:\Users\Jordan\Dropbox\Foundation\bullet2.83\Build\BulletDynamics\Win32\Debug\btKinematicCharacterController.obj
C:\Users\Jordan\Dropbox\Foundation\bullet2.83\Build\BulletDynamics\Win32\Debug\btLemkeAlgorithm.obj
C:\Users\Jordan\Dropbox\Foundation\bullet2.83\Build\BulletDynamics\Win32\Debug\btMLCPSolver.obj
C:\Users\Jordan\Dropbox\Foundation\bullet2.83\Build\BulletDynamics\Win32\Debug\btMultiBody.obj
C:\Users\Jordan\Dropbox\Foundation\bullet2.83\Build\BulletDynamics\Win32\Debug\btMultiBodyConstraint.obj
C:\Users\Jordan\Dropbox\Foundation\bullet2.83\Build\BulletDynamics\Win32\Debug\btMultiBodyConstraintSolver.obj
C:\Users\Jordan\Dropbox\Foundation\bullet2.83\Build\BulletDynamics\Win32\Debug\btMultiBodyDynamicsWorld.obj
C:\Users\Jordan\Dropbox\Foundation\bullet2.83\Build\BulletDynamics\Win32\Debug\btMultiBodyJointLimitConstraint.obj
C:\Users\Jordan\Dropbox\Foundation\bullet2.83\Build\BulletDynamics\Win32\Debug\btMultiBodyJointMotor.obj
C:\Users\Jordan\Dropbox\Foundation\bullet2.83\Build\BulletDynamics\Win32\Debug\btMultiBodyPoint2Point.obj
C:\Users\Jordan\Dropbox\Foundation\bullet2.83\Build\BulletDynamics\Win32\Debug\btNNCGConstraintSolver.obj
C:\Users\Jordan\Dropbox\Foundation\bullet2.83\Build\BulletDynamics\Win32\Debug\btPoint2PointConstraint.obj
C:\Users\Jordan\Dropbox\Foundation\bullet2.83\Build\BulletDynamics\Win32\Debug\btRaycastVehicle.obj
C:\Users\Jordan\Dropbox\Foundation\bullet2.83\Build\BulletDynamics\Win32\Debug\btRigidBody.obj
C:\Users\Jordan\Dropbox\Foundation\bullet2.83\Build\BulletDynamics\Win32\Debug\btSequentialImpulseConstraintSolver.obj
C:\Users\Jordan\Dropbox\Foundation\bullet2.83\Build\BulletDynamics\Win32\Debug\btSimpleDynamicsWorld.obj
C:\Users\Jordan\Dropbox\Foundation\bullet2.83\Build\BulletDynamics\Win32\Debug\btSliderConstraint.obj
C:\Users\Jordan\Dropbox\Foundation\bullet2.83\Build\BulletDynamics\Win32\Debug\btSolve2LinearConstraint.obj
C:\Users\Jordan\Dropbox\Foundation\bullet2.83\Build\BulletDynamics\Win32\Debug\btTypedConstraint.obj
C:\Users\Jordan\Dropbox\Foundation\bullet2.83\Build\BulletDynamics\Win32\Debug\btUniversalConstraint.obj
C:\Users\Jordan\Dropbox\Foundation\bullet2.83\Build\BulletDynamics\Win32\Debug\btWheelInfo.obj
C:\Users\Jordan\Dropbox\Foundation\bullet2.83\Build\BulletDynamics\Win32\Debug\cl.command.1.tlog
C:\Users\Jordan\Dropbox\Foundation\bullet2.83\Build\BulletDynamics\Win32\Debug\CL.read.1.tlog
C:\Users\Jordan\Dropbox\Foundation\bullet2.83\Build\BulletDynamics\Win32\Debug\CL.write.1.tlog
C:\Users\Jordan\Dropbox\Foundation\bullet2.83\Build\BulletDynamics\Win32\Debug\Lib-link.read.1.tlog
C:\Users\Jordan\Dropbox\Foundation\bullet2.83\Build\BulletDynamics\Win32\Debug\Lib-link.write.1.tlog
C:\Users\Jordan\Dropbox\Foundation\bullet2.83\Build\BulletDynamics\Win32\Debug\lib.command.1.tlog
C:\Users\Jordan\Dropbox\Foundation\bullet2.83\Build\BulletDynamics\Win32\Debug\vc110.pdb
C:\Users\Jordan\Dropbox\Foundation\bullet2.83\Bin\Win32\Debug\BulletDynamics.lib
